2021-09-01 00:32:22,721: ===CV scores===
2021-09-01 00:32:22,721: ensemble type : lgb
2021-09-01 00:32:22,721: log loss: 0.4302888359708903
2021-09-01 00:32:22,721: AUC : 0.859943834607459
2021-09-01 00:32:22,822: label
0.999741    1889
0.999735    1727
0.999740    1423
0.999733    1310
0.999739    1053
            ... 
0.878674       1
0.603168       1
0.603146       1
0.991886       1
0.758796       1
Length: 52132, dtype: int64
2021-09-01 00:35:56,631: ===CV scores===
2021-09-01 00:35:56,631: ensemble type : lgb
2021-09-01 00:35:56,631: log loss: 0.4302888359708903
2021-09-01 00:35:56,631: AUC : 0.859943834607459
2021-09-01 00:36:00,565: ===CV scores===
2021-09-01 00:36:00,565: ensemble type : logistic
2021-09-01 00:36:00,565: log loss: 0.4484111141303196
2021-09-01 00:36:00,565: AUC : 0.8569153247306772
2021-09-01 00:36:03,134: ===CV scores===
2021-09-01 00:36:03,134: ensemble type : mean
2021-09-01 00:36:03,134: log loss: 0.5245499470028756
2021-09-01 00:36:03,135: AUC : 0.8579872100017517
2021-09-01 00:36:05,788: ===CV scores===
2021-09-01 00:36:05,788: ensemble type : linear
2021-09-01 00:36:05,788: log loss: 0.47859440090817934
2021-09-01 00:36:05,788: AUC : 0.8521275694186875
2021-09-01 00:39:52,349: ===CV scores===
2021-09-01 00:39:52,349: ensemble type : lgb
2021-09-01 00:39:52,349: log loss: 0.4302888359708903
2021-09-01 00:39:52,349: AUC : 0.859943834607459
2021-09-01 00:39:55,931: ===CV scores===
2021-09-01 00:39:55,931: ensemble type : logistic
2021-09-01 00:39:55,931: log loss: 0.4484111141303196
2021-09-01 00:39:55,931: AUC : 0.8569153247306772
2021-09-01 00:39:58,407: ===CV scores===
2021-09-01 00:39:58,407: ensemble type : mean
2021-09-01 00:39:58,407: log loss: 0.5245499470028756
2021-09-01 00:39:58,407: AUC : 0.8579872100017517
2021-09-01 00:40:01,067: ===CV scores===
2021-09-01 00:40:01,068: ensemble type : linear
2021-09-01 00:40:01,068: log loss: 0.47859440090817934
2021-09-01 00:40:01,068: AUC : 0.8521275694186875
