2021-08-24 11:47:58,264: lr : 5e-07
2021-08-24 12:16:13,876: 0epoch : loss_train > 0.5409188350464 loss_valid > 0.49307070103948725 auc > 0.8163959695196461
2021-08-24 12:16:13,876: Epoch 1 - Save Best Score: 0.8164 Model
2021-08-24 12:16:16,966: Epoch 1 - Save Best loss: 0.4931 Model
2021-08-24 12:16:20,251: lr : 1.7e-05
2021-08-24 12:44:37,476: 1epoch : loss_train > 0.4859747094398171 loss_valid > 0.4710055084814141 auc > 0.832560634815652
2021-08-24 12:44:37,477: Epoch 2 - Save Best Score: 0.8326 Model
2021-08-24 12:44:40,662: Epoch 2 - Save Best loss: 0.4710 Model
2021-08-24 12:44:43,649: lr : 3.35e-05
2021-08-24 13:13:23,842: 2epoch : loss_train > 0.48628072666414884 loss_valid > 0.4772593167737857 auc > 0.8278270639840893
2021-08-24 13:13:23,842: lr : 5e-05
2021-08-24 13:42:03,756: 3epoch : loss_train > 0.49020044754885383 loss_valid > 0.4803320869042279 auc > 0.8298731917140133
2021-08-24 13:42:03,756: lr : 4.7548979480584875e-05
2021-08-24 14:10:41,357: 4epoch : loss_train > 0.48820121137806516 loss_valid > 0.4764588015421556 auc > 0.831339669025056
2021-08-24 14:10:41,357: lr : 4.068137259600366e-05
2021-08-24 14:39:16,880: 5epoch : loss_train > 0.4856160814054298 loss_valid > 0.4741010602345236 auc > 0.8352729545514984
2021-08-24 14:39:16,880: Epoch 6 - Save Best Score: 0.8353 Model
2021-08-24 14:39:17,218: lr : 3.075739311541878e-05
2021-08-24 15:07:49,744: 6epoch : loss_train > 0.48150820650076026 loss_valid > 0.46897313931052065 auc > 0.8352110045731367
2021-08-24 15:07:49,744: Epoch 7 - Save Best loss: 0.4690 Model
2021-08-24 15:07:50,095: lr : 1.974260688458122e-05
2021-08-24 15:36:22,107: 7epoch : loss_train > 0.4787734903658258 loss_valid > 0.4669967772854817 auc > 0.8366166905283392
2021-08-24 15:36:22,107: Epoch 8 - Save Best Score: 0.8366 Model
2021-08-24 15:36:22,441: Epoch 8 - Save Best loss: 0.4670 Model
2021-08-24 15:36:22,765: lr : 9.818627403996347e-06
2021-08-24 16:04:49,511: 8epoch : loss_train > 0.4753252192386667 loss_valid > 0.46748858352597544 auc > 0.8368138097498427
2021-08-24 16:04:49,511: Epoch 9 - Save Best Score: 0.8368 Model
2021-08-24 16:04:49,843: lr : 2.951020519415129e-06
2021-08-24 16:33:18,486: 9epoch : loss_train > 0.4733870659364508 loss_valid > 0.4646174086562403 auc > 0.8388090578337295
2021-08-24 16:33:18,486: Epoch 10 - Save Best Score: 0.8388 Model
2021-08-24 16:33:18,819: Epoch 10 - Save Best loss: 0.4646 Model
2021-08-24 16:33:20,338: lr : 5e-07
2021-08-29 17:57:00,016: lr : 1e-07
2021-08-29 19:34:59,128: 0epoch : loss_train > 0.5395556846410036 loss_valid > 0.49076546623855827 auc > 0.8230098729177088
2021-08-29 19:34:59,128: Epoch 1 - Save Best Score: 0.8230 Model
2021-08-29 19:34:59,490: Epoch 1 - Save Best loss: 0.4908 Model
2021-08-29 19:34:59,860: lr : 5.05e-06
2021-08-29 21:13:06,503: 1epoch : loss_train > 0.45985054919570684 loss_valid > 0.5013070092037321 auc > 0.816430983220814
2021-08-29 21:13:06,504: lr : 1e-05
2021-08-29 22:50:50,451: 2epoch : loss_train > 0.4000073117271066 loss_valid > 0.6027398707687854 auc > 0.7937234927709838
2021-08-29 22:50:50,451: lr : 7.525e-06
2021-08-30 00:28:32,020: 3epoch : loss_train > 0.19038346152417363 loss_valid > 1.0948370476923883 auc > 0.763594946321623
2021-08-30 00:28:32,021: lr : 2.575000000000001e-06
2021-08-30 02:06:19,046: 4epoch : loss_train > 0.07041957556476118 loss_valid > 1.4684630469530822 auc > 0.7700096837888705
2021-08-30 02:06:19,046: lr : 1e-07
2021-08-30 03:44:07,229: 5epoch : loss_train > 0.09709557357886515 loss_valid > 1.4519285257391632 auc > 0.7779965637268261
2021-08-30 03:44:07,229: lr : 2.55e-06
2021-08-30 05:22:02,418: 6epoch : loss_train > 0.022638062511170575 loss_valid > 2.0789950368022545 auc > 0.7673776244151831
2021-08-30 05:22:03,785: lr : 1e-07
2021-08-30 06:59:47,356: 0epoch : loss_train > 0.5377965274870395 loss_valid > 0.49972865860313176 auc > 0.8210540326168975
2021-08-30 06:59:47,356: Epoch 1 - Save Best Score: 0.8211 Model
2021-08-30 06:59:47,715: Epoch 1 - Save Best loss: 0.4997 Model
2021-08-30 06:59:48,059: lr : 5.05e-06
2021-08-30 08:37:39,800: 1epoch : loss_train > 0.45892800154984 loss_valid > 0.5267668951973319 auc > 0.8175536668113899
2021-08-30 08:37:39,801: lr : 1e-05
2021-08-30 10:15:37,250: 2epoch : loss_train > 0.39724396057277916 loss_valid > 0.6540344728052616 auc > 0.7987782915818066
2021-08-30 10:15:37,250: lr : 7.525e-06
