2021-09-05 18:00:05,999: lr : 1e-06
2021-09-05 18:50:07,403: lr : 1e-06
2021-09-05 18:52:01,533: lr : 1e-06
2021-09-05 21:39:08,037: lr : 1e-06
2021-09-05 23:14:07,628: lr : 1e-06
2021-09-06 02:22:24,651: lr : 1e-06
2021-09-06 03:15:44,724: 1epoch : loss_train > 0.4943922423145564 loss_valid > 0.4636695099675905 auc > 0.8352789673579966
2021-09-06 03:15:44,725: Epoch 1 - Save Best Score: 0.8353 Model
2021-09-06 03:15:45,131: Epoch 1 - Save Best loss: 0.4637 Model
2021-09-06 03:15:45,430: lr : 3.4e-05
2021-09-06 03:54:01,746: 2epoch : loss_train > 0.44843362738692194 loss_valid > 0.44533456623411194 auc > 0.850600585356414
2021-09-06 03:54:01,746: Epoch 2 - Save Best Score: 0.8506 Model
2021-09-06 03:54:04,945: Epoch 2 - Save Best loss: 0.4453 Model
2021-09-06 03:54:07,851: lr : 6.7e-05
2021-09-06 04:32:24,565: 3epoch : loss_train > 0.4467978797824897 loss_valid > 0.4471223996948983 auc > 0.8502070361991643
2021-09-06 04:32:24,565: lr : 0.0001
2021-09-06 05:10:50,426: 4epoch : loss_train > 0.4451313168116943 loss_valid > 0.45014401164096146 auc > 0.847528814603204
2021-09-06 05:10:50,426: lr : 5.05e-05
2021-09-06 05:49:06,543: 5epoch : loss_train > 0.4346735038586091 loss_valid > 0.4437812710915848 auc > 0.8525955329300778
2021-09-06 05:49:06,543: Epoch 5 - Save Best Score: 0.8526 Model
2021-09-06 05:49:09,613: Epoch 5 - Save Best loss: 0.4438 Model
2021-09-06 05:49:12,707: lr : 1e-06
2021-09-06 06:27:32,900: 6epoch : loss_train > 0.42482251885424016 loss_valid > 0.44302691608912576 auc > 0.8536899423607234
2021-09-06 06:27:32,900: Epoch 6 - Save Best Score: 0.8537 Model
2021-09-06 06:27:35,897: Epoch 6 - Save Best loss: 0.4430 Model
2021-09-06 06:27:39,016: lr : 1.7333333333333336e-05
2021-09-06 07:05:53,078: 7epoch : loss_train > 0.4232207179212554 loss_valid > 0.449986351164167 auc > 0.853837857727111
2021-09-06 07:05:53,079: Epoch 7 - Save Best Score: 0.8538 Model
2021-09-06 07:05:56,262: lr : 3.366666666666667e-05
2021-09-06 07:44:11,364: 8epoch : loss_train > 0.4234586348926363 loss_valid > 0.4507108297905245 auc > 0.8533257145828572
2021-09-06 07:44:12,535: lr : 1e-06
2021-09-06 08:22:31,255: 1epoch : loss_train > 0.49808360489623615 loss_valid > 0.45888543752190347 auc > 0.8419475827237648
2021-09-06 08:22:31,256: Epoch 1 - Save Best Score: 0.8419 Model
2021-09-06 08:22:31,586: Epoch 1 - Save Best loss: 0.4589 Model
2021-09-06 08:22:31,895: lr : 3.4e-05
2021-09-06 09:00:50,388: 2epoch : loss_train > 0.44854061227620035 loss_valid > 0.45116046091230677 auc > 0.8519814748559851
2021-09-06 09:00:50,388: Epoch 2 - Save Best Score: 0.8520 Model
2021-09-06 09:00:53,603: Epoch 2 - Save Best loss: 0.4512 Model
2021-09-06 09:00:56,605: lr : 6.7e-05
2021-09-06 09:39:15,706: 3epoch : loss_train > 0.448278395480128 loss_valid > 0.4593034738193933 auc > 0.8526717092868797
2021-09-06 09:39:15,707: Epoch 3 - Save Best Score: 0.8527 Model
2021-09-06 09:39:18,815: lr : 0.0001
2021-09-06 10:17:39,888: 4epoch : loss_train > 0.4461444620072412 loss_valid > 0.44329615644306036 auc > 0.8528520244001903
2021-09-06 10:17:39,888: Epoch 4 - Save Best Score: 0.8529 Model
2021-09-06 10:17:43,030: Epoch 4 - Save Best loss: 0.4433 Model
2021-09-06 10:17:46,250: lr : 5.05e-05
2021-09-06 10:56:03,660: 5epoch : loss_train > 0.43334044467301497 loss_valid > 0.44003293456629117 auc > 0.8552845967971239
2021-09-06 10:56:03,660: Epoch 5 - Save Best Score: 0.8553 Model
2021-09-06 10:56:06,796: Epoch 5 - Save Best loss: 0.4400 Model
2021-09-06 10:56:09,776: lr : 1e-06
2021-09-06 11:34:28,171: 6epoch : loss_train > 0.42490326930673966 loss_valid > 0.437097004818148 auc > 0.8564047342395815
2021-09-06 11:34:28,171: Epoch 6 - Save Best Score: 0.8564 Model
2021-09-06 11:34:31,350: Epoch 6 - Save Best loss: 0.4371 Model
2021-09-06 11:34:34,478: lr : 1.7333333333333336e-05
2021-09-06 12:13:17,246: 7epoch : loss_train > 0.4232612551918862 loss_valid > 0.4348363075960896 auc > 0.8574138112669346
2021-09-06 12:13:17,246: Epoch 7 - Save Best Score: 0.8574 Model
2021-09-06 12:13:20,305: Epoch 7 - Save Best loss: 0.4348 Model
2021-09-06 12:13:23,424: lr : 3.366666666666667e-05
2021-09-06 12:54:32,230: 8epoch : loss_train > 0.42279776849841105 loss_valid > 0.4380723225475788 auc > 0.8563840127076743
