2021-09-01 11:11:27,059: lr : 1e-06
2021-09-01 11:12:12,102: lr : 1e-06
2021-09-01 13:00:21,145: 1epoch : loss_train > 0.6547895679567266 loss_valid > 0.565279248298834 auc > 0.8167451273986113
2021-09-01 13:00:21,146: Epoch 1 - Save Best Score: 0.8167 Model
2021-09-01 13:00:21,487: Epoch 1 - Save Best loss: 0.5653 Model
2021-09-01 13:00:21,819: lr : 3.4e-05
2021-09-01 14:48:13,119: 2epoch : loss_train > 0.6275715201855564 loss_valid > 0.5412643136044869 auc > 0.830924498412373
2021-09-01 14:48:13,119: Epoch 2 - Save Best Score: 0.8309 Model
2021-09-01 14:48:16,650: Epoch 2 - Save Best loss: 0.5413 Model
2021-09-01 14:48:20,352: lr : 6.7e-05
2021-09-01 16:36:33,931: 3epoch : loss_train > 0.6275246549671348 loss_valid > 0.5094030234284824 auc > 0.8312401885341444
2021-09-01 16:36:33,931: Epoch 3 - Save Best Score: 0.8312 Model
2021-09-01 16:36:37,424: Epoch 3 - Save Best loss: 0.5094 Model
2021-09-01 16:36:41,254: lr : 0.0001
2021-09-01 18:24:36,778: 4epoch : loss_train > 0.6266007405315643 loss_valid > 0.5089906313414846 auc > 0.8307673510556125
2021-09-01 18:24:36,779: Epoch 4 - Save Best loss: 0.5090 Model
2021-09-01 18:24:40,382: lr : 5.05e-05
2021-09-01 20:12:33,318: 5epoch : loss_train > 0.6196121311799782 loss_valid > 0.4645468658113312 auc > 0.8386808668563296
2021-09-01 20:12:33,318: Epoch 5 - Save Best Score: 0.8387 Model
2021-09-01 20:12:37,074: Epoch 5 - Save Best loss: 0.4645 Model
2021-09-01 20:12:40,971: lr : 1e-06
2021-09-01 22:00:30,292: 6epoch : loss_train > 0.6134268598072407 loss_valid > 0.45735702850962295 auc > 0.8423610224434822
2021-09-01 22:00:30,292: Epoch 6 - Save Best Score: 0.8424 Model
2021-09-01 22:00:33,994: Epoch 6 - Save Best loss: 0.4574 Model
2021-09-01 22:00:37,756: lr : 2.4e-05
2021-09-01 23:48:24,070: 7epoch : loss_train > 0.6116648767032691 loss_valid > 0.45981952196667697 auc > 0.8463427127178481
2021-09-01 23:48:24,070: Epoch 7 - Save Best Score: 0.8463 Model
2021-09-01 23:48:27,916: lr : 4.7e-05
2021-09-02 01:36:25,864: 8epoch : loss_train > 0.613509640816685 loss_valid > 0.4556353437792747 auc > 0.8461896512542003
2021-09-02 01:36:25,865: Epoch 8 - Save Best loss: 0.4556 Model
2021-09-02 01:36:29,691: lr : 7e-05
2021-09-02 03:24:25,841: 9epoch : loss_train > 0.6151287288579739 loss_valid > 0.4743206732091943 auc > 0.8428938196196394
2021-09-02 03:24:25,841: lr : 3.5499999999999996e-05
2021-09-02 05:12:33,263: 10epoch : loss_train > 0.6114171236163395 loss_valid > 0.4495266148807907 auc > 0.8483878503966896
2021-09-02 05:12:33,263: Epoch 10 - Save Best Score: 0.8484 Model
2021-09-02 05:12:37,198: Epoch 10 - Save Best loss: 0.4495 Model
2021-09-02 05:12:40,928: lr : 1e-06
2021-09-02 07:00:36,198: 11epoch : loss_train > 0.6078983189141709 loss_valid > 0.44718669311107456 auc > 0.8492146908820407
2021-09-02 07:00:36,199: Epoch 11 - Save Best Score: 0.8492 Model
2021-09-02 07:00:39,937: Epoch 11 - Save Best loss: 0.4472 Model
2021-09-02 07:00:43,681: lr : 1.7e-05
2021-09-02 08:48:39,070: 12epoch : loss_train > 0.6077514169832688 loss_valid > 0.448294073820952 auc > 0.8511018921989703
2021-09-02 08:48:39,070: Epoch 12 - Save Best Score: 0.8511 Model
2021-09-02 08:48:42,865: lr : 3.2999999999999996e-05
2021-09-02 10:36:49,766: 13epoch : loss_train > 0.6075368807239603 loss_valid > 0.44625412998381747 auc > 0.8501544902264924
2021-09-02 10:36:49,767: Epoch 13 - Save Best loss: 0.4463 Model
2021-09-02 10:36:53,530: lr : 4.9e-05
2021-09-02 12:24:54,489: 14epoch : loss_train > 0.6103109730600933 loss_valid > 0.4481122985813012 auc > 0.8494906487564309
2021-09-02 12:24:54,489: lr : 2.5e-05
2021-09-02 14:12:16,609: 15epoch : loss_train > 0.6078787170681986 loss_valid > 0.4511903889194352 auc > 0.8516498684066882
2021-09-02 14:12:16,609: Epoch 15 - Save Best Score: 0.8516 Model
2021-09-02 14:12:20,245: lr : 1e-06
2021-09-02 15:54:06,258: 16epoch : loss_train > 0.6051082313035216 loss_valid > 0.44296880191816423 auc > 0.8525555861163567
2021-09-02 15:54:06,258: Epoch 16 - Save Best Score: 0.8526 Model
2021-09-02 15:54:09,348: Epoch 16 - Save Best loss: 0.4430 Model
2021-09-02 15:54:12,503: lr : 1.21e-05
2021-09-02 17:35:45,848: 17epoch : loss_train > 0.605350539986125 loss_valid > 0.442002175561493 auc > 0.8528038842696305
2021-09-02 17:35:45,848: Epoch 17 - Save Best Score: 0.8528 Model
2021-09-02 17:35:48,989: Epoch 17 - Save Best loss: 0.4420 Model
2021-09-02 17:35:52,176: lr : 2.3199999999999998e-05
2021-09-02 19:17:24,020: 18epoch : loss_train > 0.605862529595366 loss_valid > 0.4439807256067934 auc > 0.8520416041964778
2021-09-02 19:17:24,020: lr : 3.4299999999999993e-05
2021-09-02 20:59:09,109: 19epoch : loss_train > 0.6070970849276836 loss_valid > 0.4500163997278183 auc > 0.8518180280345451
2021-09-02 20:59:09,110: lr : 1.765e-05
2021-09-02 22:40:41,133: 20epoch : loss_train > 0.6053544666381506 loss_valid > 0.44429922028015806 auc > 0.8524214651130764
2021-09-02 22:40:41,133: lr : 1e-06
2021-09-03 00:24:36,935: 21epoch : loss_train > 0.602286128820731 loss_valid > 0.43986183108227556 auc > 0.8538298925225316
2021-09-03 00:24:36,935: Epoch 21 - Save Best Score: 0.8538 Model
2021-09-03 00:24:40,712: Epoch 21 - Save Best loss: 0.4399 Model
2021-09-03 00:24:44,409: lr : 8.669999999999998e-06
2021-09-03 02:11:15,601: 22epoch : loss_train > 0.6033061621218135 loss_valid > 0.4384063137451726 auc > 0.8546810737491998
2021-09-03 02:11:15,601: Epoch 22 - Save Best Score: 0.8547 Model
2021-09-03 02:11:19,475: Epoch 22 - Save Best loss: 0.4384 Model
2021-09-03 02:11:23,138: lr : 1.6339999999999996e-05
2021-09-03 03:59:35,034: 23epoch : loss_train > 0.602088429202986 loss_valid > 0.4444495652733399 auc > 0.8539729778631071
2021-09-03 03:59:35,035: lr : 2.4009999999999995e-05
2021-09-03 05:47:49,949: 24epoch : loss_train > 0.6020545217058413 loss_valid > 0.4414393053325986 auc > 0.853841216120178
2021-09-03 05:47:51,202: lr : 1e-06
2021-09-03 07:36:21,310: 1epoch : loss_train > 0.6572454666875778 loss_valid > 0.5544817332815999 auc > 0.8156105832715799
2021-09-03 07:36:21,310: Epoch 1 - Save Best Score: 0.8156 Model
2021-09-03 07:36:21,757: Epoch 1 - Save Best loss: 0.5545 Model
2021-09-03 07:36:22,092: lr : 3.4e-05
2021-09-03 09:24:50,738: 2epoch : loss_train > 0.6290628813610109 loss_valid > 0.5246908167614834 auc > 0.8329914859905393
2021-09-03 09:24:50,738: Epoch 2 - Save Best Score: 0.8330 Model
2021-09-03 09:24:53,798: Epoch 2 - Save Best loss: 0.5247 Model
2021-09-03 09:24:57,025: lr : 6.7e-05
2021-09-03 11:13:06,835: 3epoch : loss_train > 0.6276770005104954 loss_valid > 0.5294654425449131 auc > 0.835365597363411
2021-09-03 11:13:06,836: Epoch 3 - Save Best Score: 0.8354 Model
2021-09-03 11:13:10,272: lr : 0.0001
2021-09-03 12:55:01,298: 4epoch : loss_train > 0.628692873814035 loss_valid > 0.4704557370074848 auc > 0.8365841478987541
2021-09-03 12:55:01,298: Epoch 4 - Save Best Score: 0.8366 Model
2021-09-03 12:55:04,716: Epoch 4 - Save Best loss: 0.4705 Model
2021-09-03 12:55:08,040: lr : 5.05e-05
2021-09-03 14:36:52,882: 5epoch : loss_train > 0.6196155575325732 loss_valid > 0.47816903243168485 auc > 0.840265023511462
2021-09-03 14:36:52,882: Epoch 5 - Save Best Score: 0.8403 Model
2021-09-03 14:36:56,226: lr : 1e-06
2021-09-03 16:18:41,451: 6epoch : loss_train > 0.6150166086614351 loss_valid > 0.4589126027428911 auc > 0.8453874690612067
2021-09-03 16:18:41,451: Epoch 6 - Save Best Score: 0.8454 Model
2021-09-03 16:18:44,915: Epoch 6 - Save Best loss: 0.4589 Model
2021-09-03 16:18:48,181: lr : 2.4e-05
2021-09-03 18:00:37,667: 7epoch : loss_train > 0.6126971372711411 loss_valid > 0.4490021057200225 auc > 0.8488660730031091
2021-09-03 18:00:37,667: Epoch 7 - Save Best Score: 0.8489 Model
2021-09-03 18:00:40,904: Epoch 7 - Save Best loss: 0.4490 Model
2021-09-03 18:00:44,230: lr : 4.7e-05
2021-09-03 19:42:30,188: 8epoch : loss_train > 0.6155856934000004 loss_valid > 0.4654357571155152 auc > 0.8438975329731877
2021-09-03 19:42:30,189: lr : 7e-05
2021-09-03 21:24:19,749: 9epoch : loss_train > 0.6181996789803754 loss_valid > 0.47832170475072844 auc > 0.846992964391142
2021-09-03 21:24:19,750: lr : 3.5499999999999996e-05
