2021-09-05 21:44:32,375: lr : 5e-07
2021-09-05 21:47:16,773: lr : 5e-07
2021-09-06 12:06:36,791: lr : 5e-07
2021-09-06 12:30:29,637: 1epoch : loss_train > 0.7235195723693992 loss_valid > 0.6953806211411401 auc > 0.4967173462489157
2021-09-06 12:30:29,637: Epoch 1 - Save Best Score: 0.4967 Model
2021-09-06 12:30:30,078: Epoch 1 - Save Best loss: 0.6954 Model
2021-09-06 12:30:30,512: lr : 1.7e-05
2021-09-06 12:54:45,177: 2epoch : loss_train > 0.6944862835040271 loss_valid > 0.6939415006981674 auc > 0.4963891214069731
2021-09-06 12:54:45,177: Epoch 2 - Save Best loss: 0.6939 Model
2021-09-06 12:54:49,274: lr : 3.35e-05
2021-09-06 13:18:38,578: 3epoch : loss_train > 0.6957539687591503 loss_valid > 0.6941211018449523 auc > 0.5025271425048852
2021-09-06 13:18:38,578: Epoch 3 - Save Best Score: 0.5025 Model
2021-09-06 13:18:42,912: lr : 5e-05
2021-09-06 13:42:59,731: 4epoch : loss_train > 0.6964854403211517 loss_valid > 0.6989102770009595 auc > 0.507975767947465
2021-09-06 13:42:59,731: Epoch 4 - Save Best Score: 0.5080 Model
2021-09-06 13:43:03,972: lr : 4.527317061077995e-05
2021-09-06 14:07:19,628: 5epoch : loss_train > 0.6955855043019421 loss_valid > 0.6955717658502091 auc > 0.5085496089782281
2021-09-06 14:07:19,628: Epoch 5 - Save Best Score: 0.5085 Model
2021-09-06 14:07:23,942: lr : 3.289817061077995e-05
2021-09-06 14:30:56,644: 6epoch : loss_train > 0.6949531331653255 loss_valid > 0.6932960286159241 auc > 0.49334798657404505
2021-09-06 14:30:56,644: Epoch 6 - Save Best loss: 0.6933 Model
2021-09-06 14:31:01,145: lr : 1.7601829389220053e-05
2021-09-06 14:54:29,878: 7epoch : loss_train > 0.6941929860171447 loss_valid > 0.6940104648455554 auc > 0.4913397644077149
2021-09-06 14:54:29,878: lr : 5.226829389220054e-06
2021-09-06 15:17:57,747: 8epoch : loss_train > 0.693447281511671 loss_valid > 0.6931547134511881 auc > 0.49234481021032617
2021-09-06 15:17:57,747: Epoch 8 - Save Best loss: 0.6932 Model
2021-09-06 15:18:03,583: lr : 5e-07
2021-09-06 15:41:41,897: 1epoch : loss_train > 0.7273919506762835 loss_valid > 0.7099689676576091 auc > 0.5079658565182742
2021-09-06 15:41:41,897: Epoch 1 - Save Best Score: 0.5080 Model
2021-09-06 15:41:42,314: Epoch 1 - Save Best loss: 0.7100 Model
2021-09-06 15:41:42,716: lr : 1.7e-05
2021-09-06 16:05:17,988: 2epoch : loss_train > 0.6945408771391147 loss_valid > 0.6957284516265714 auc > 0.5076791653013764
2021-09-06 16:05:17,988: Epoch 2 - Save Best loss: 0.6957 Model
2021-09-06 16:05:22,949: lr : 3.35e-05
2021-09-06 16:28:56,027: 3epoch : loss_train > 0.6956170191799977 loss_valid > 0.6980248788958509 auc > 0.49868965591300146
2021-09-06 16:28:56,027: lr : 5e-05
2021-09-06 16:52:28,280: 4epoch : loss_train > 0.6962286421277566 loss_valid > 0.6962376666122158 auc > 0.4921723429801592
2021-09-06 16:52:28,280: lr : 4.527317061077995e-05
2021-09-06 17:15:59,222: 5epoch : loss_train > 0.6953956241533288 loss_valid > 0.6987954557125888 auc > 0.5044833456883724
2021-09-06 17:15:59,222: lr : 3.289817061077995e-05
2021-09-06 17:39:30,698: 6epoch : loss_train > 0.6946690244077206 loss_valid > 0.6949384509801947 auc > 0.5096029272838565
2021-09-06 17:39:30,698: Epoch 6 - Save Best Score: 0.5096 Model
2021-09-06 17:39:35,565: Epoch 6 - Save Best loss: 0.6949 Model
2021-09-06 17:39:40,024: lr : 1.7601829389220053e-05
2021-09-06 18:03:09,423: 7epoch : loss_train > 0.6940247361223543 loss_valid > 0.6945391045394809 auc > 0.4971794060226924
2021-09-06 18:03:09,423: Epoch 7 - Save Best loss: 0.6945 Model
2021-09-06 18:03:13,895: lr : 5.226829389220054e-06
2021-09-06 18:26:41,358: 8epoch : loss_train > 0.693462777135713 loss_valid > 0.6935918974189836 auc > 0.5061786605647377
2021-09-06 18:26:41,358: Epoch 8 - Save Best loss: 0.6936 Model
