2021-08-31 00:48:40,392: lr : 0.0001
2021-08-31 00:53:08,958: lr : 0.0001
2021-08-31 01:27:04,950: 0epoch : loss_train > 0.46658830024636605 loss_valid > 0.45392178975742975 auc > 0.8491870720027634
2021-08-31 01:27:04,950: Epoch 1 - Save Best Score: 0.8492 Model
2021-08-31 01:27:05,288: Epoch 1 - Save Best loss: 0.4539 Model
2021-08-31 01:27:05,619: lr : 5.66875e-05
2021-08-31 02:01:06,981: 1epoch : loss_train > 0.4351435537294529 loss_valid > 0.44049709780415647 auc > 0.8530275141305461
2021-08-31 02:01:06,982: Epoch 2 - Save Best Score: 0.8530 Model
2021-08-31 02:01:10,265: Epoch 2 - Save Best loss: 0.4405 Model
2021-08-31 02:01:13,315: lr : 9.250000000000008e-06
2021-08-31 02:35:18,205: 2epoch : loss_train > 0.40842386106023404 loss_valid > 0.46732489472490735 auc > 0.8482142102327759
2021-08-31 02:35:19,528: lr : 0.0001
2021-08-31 03:09:21,215: 0epoch : loss_train > 0.46831902452413454 loss_valid > 0.44637404800605646 auc > 0.8493532225233519
2021-08-31 03:09:21,215: Epoch 1 - Save Best Score: 0.8494 Model
2021-08-31 03:09:21,582: Epoch 1 - Save Best loss: 0.4464 Model
2021-08-31 03:09:21,937: lr : 5.66875e-05
2021-08-31 03:41:38,058: 1epoch : loss_train > 0.4354924385397247 loss_valid > 0.4863237564873115 auc > 0.8469708582418012
2021-08-31 03:41:38,058: lr : 9.250000000000008e-06
2021-08-31 04:13:35,768: 2epoch : loss_train > 0.4072180896879959 loss_valid > 0.48020633323616796 auc > 0.8413459356198353
2021-09-04 13:26:45,356: lr : 1e-06
2021-09-04 13:43:56,511: lr : 1e-06
2021-09-04 14:18:10,760: 1epoch : loss_train > 0.4920235971780031 loss_valid > 0.4622365771615632 auc > 0.8402691086392682
2021-09-04 14:18:10,760: Epoch 1 - Save Best Score: 0.8403 Model
2021-09-04 14:18:13,007: Epoch 1 - Save Best loss: 0.4622 Model
2021-09-04 14:18:15,408: lr : 3.4e-05
2021-09-04 14:52:32,900: 2epoch : loss_train > 0.4503782819911843 loss_valid > 0.4498851183887455 auc > 0.8492490459862286
2021-09-04 14:52:32,901: Epoch 2 - Save Best Score: 0.8492 Model
2021-09-04 14:52:35,154: Epoch 2 - Save Best loss: 0.4499 Model
2021-09-04 14:52:37,684: lr : 6.7e-05
2021-09-04 15:26:35,971: 3epoch : loss_train > 0.44948966786096795 loss_valid > 0.44700682403077235 auc > 0.8507606748307055
2021-09-04 15:26:35,972: Epoch 3 - Save Best Score: 0.8508 Model
2021-09-04 15:26:38,460: Epoch 3 - Save Best loss: 0.4470 Model
2021-09-04 15:26:41,012: lr : 0.0001
2021-09-04 16:00:51,123: 4epoch : loss_train > 0.44693512196997726 loss_valid > 0.44333317877394635 auc > 0.8514695484974591
2021-09-04 16:00:51,123: Epoch 4 - Save Best Score: 0.8515 Model
2021-09-04 16:00:53,682: Epoch 4 - Save Best loss: 0.4433 Model
2021-09-04 16:00:56,081: lr : 5.05e-05
2021-09-04 16:35:11,300: 5epoch : loss_train > 0.4362990800106121 loss_valid > 0.44241954930021943 auc > 0.8530105628284663
2021-09-04 16:35:11,300: Epoch 5 - Save Best Score: 0.8530 Model
2021-09-04 16:35:13,747: Epoch 5 - Save Best loss: 0.4424 Model
2021-09-04 16:35:16,611: lr : 1e-06
2021-09-04 17:09:32,135: 6epoch : loss_train > 0.430426303783855 loss_valid > 0.43921043214260164 auc > 0.8546595317835676
2021-09-04 17:09:32,135: Epoch 6 - Save Best Score: 0.8547 Model
2021-09-04 17:09:34,436: Epoch 6 - Save Best loss: 0.4392 Model
2021-09-04 17:09:36,760: lr : 1.7333333333333336e-05
2021-09-04 17:43:48,451: 7epoch : loss_train > 0.4275765436553653 loss_valid > 0.4396756163194525 auc > 0.8555723156671472
2021-09-04 17:43:48,451: Epoch 7 - Save Best Score: 0.8556 Model
2021-09-04 17:43:50,785: lr : 3.366666666666667e-05
2021-09-04 18:18:02,257: 8epoch : loss_train > 0.42785370141717316 loss_valid > 0.4404324059785536 auc > 0.8543221901043205
2021-09-04 18:18:03,666: lr : 1e-06
2021-09-04 18:52:21,765: 1epoch : loss_train > 0.494701296637677 loss_valid > 0.45848457672577997 auc > 0.8404002103311357
2021-09-04 18:52:21,766: Epoch 1 - Save Best Score: 0.8404 Model
2021-09-04 18:52:24,090: Epoch 1 - Save Best loss: 0.4585 Model
2021-09-04 18:52:26,759: lr : 3.4e-05
2021-09-04 19:26:43,250: 2epoch : loss_train > 0.45263971188602115 loss_valid > 0.4501084333306761 auc > 0.8485710878571215
2021-09-04 19:26:43,250: Epoch 2 - Save Best Score: 0.8486 Model
2021-09-04 19:26:45,653: Epoch 2 - Save Best loss: 0.4501 Model
2021-09-04 19:26:47,938: lr : 6.7e-05
2021-09-04 19:59:52,504: 3epoch : loss_train > 0.4534087086075334 loss_valid > 0.4494215222097931 auc > 0.8508657698627841
2021-09-04 19:59:52,504: Epoch 3 - Save Best Score: 0.8509 Model
2021-09-04 19:59:54,864: Epoch 3 - Save Best loss: 0.4494 Model
2021-09-04 19:59:57,233: lr : 0.0001
2021-09-04 20:33:00,648: 4epoch : loss_train > 0.44904392177892294 loss_valid > 0.4593246689511359 auc > 0.8458791026888725
2021-09-04 20:33:00,648: lr : 5.05e-05
2021-09-04 21:06:08,407: 5epoch : loss_train > 0.43757806227944424 loss_valid > 0.44025206496893726 auc > 0.8545200570044423
2021-09-04 21:06:08,407: Epoch 5 - Save Best Score: 0.8545 Model
2021-09-04 21:06:10,732: Epoch 5 - Save Best loss: 0.4403 Model
2021-09-04 21:06:13,740: lr : 1e-06
2021-09-04 21:39:19,522: 6epoch : loss_train > 0.43132414554881443 loss_valid > 0.43674050155039884 auc > 0.8557779185881608
2021-09-04 21:39:19,522: Epoch 6 - Save Best Score: 0.8558 Model
2021-09-04 21:39:22,531: Epoch 6 - Save Best loss: 0.4367 Model
2021-09-04 21:39:25,041: lr : 1.7333333333333336e-05
2021-09-04 22:13:24,248: 7epoch : loss_train > 0.42876631158148953 loss_valid > 0.43596240473265596 auc > 0.8566592151228335
2021-09-04 22:13:24,248: Epoch 7 - Save Best Score: 0.8567 Model
2021-09-04 22:13:26,725: Epoch 7 - Save Best loss: 0.4360 Model
2021-09-04 22:13:29,274: lr : 3.366666666666667e-05
2021-09-04 22:47:58,594: 8epoch : loss_train > 0.42752438832175294 loss_valid > 0.4369539516605373 auc > 0.8552204471247474
