2021-08-31 10:20:32,950: lr : 0.0001
2021-08-31 10:24:41,424: lr : 0.0001
2021-08-31 10:26:07,535: lr : 0.0001
2021-08-31 10:32:43,340: lr : 0.0001
2021-08-31 11:08:07,850: 0epoch : loss_train > 0.6498930061010616 loss_valid > 0.5834087635715163 auc > 0.8004973625821056
2021-08-31 11:08:07,851: Epoch 1 - Save Best Score: 0.8005 Model
2021-08-31 11:08:08,218: Epoch 1 - Save Best loss: 0.5834 Model
2021-08-31 11:08:08,574: lr : 5.66875e-05
2021-08-31 13:11:21,627: lr : 0.0001
2021-08-31 13:47:36,755: 0epoch : loss_train > 0.6550057232839668 loss_valid > 0.5800092940742037 auc > 0.8076738000204289
2021-08-31 13:47:36,755: Epoch 1 - Save Best Score: 0.8077 Model
2021-08-31 13:47:40,776: Epoch 1 - Save Best loss: 0.5800 Model
2021-08-31 13:47:44,799: lr : 5.66875e-05
2021-08-31 14:24:04,141: 1epoch : loss_train > 0.6364230657782423 loss_valid > 0.5672614379751793 auc > 0.8292072623866784
2021-08-31 14:24:04,141: Epoch 2 - Save Best Score: 0.8292 Model
2021-08-31 14:24:07,997: Epoch 2 - Save Best loss: 0.5673 Model
2021-08-31 14:24:12,323: lr : 9.250000000000008e-06
2021-08-31 15:00:30,587: 2epoch : loss_train > 0.6264111357659643 loss_valid > 0.5238921670297421 auc > 0.8400649051826281
2021-08-31 15:00:30,587: Epoch 3 - Save Best Score: 0.8401 Model
2021-08-31 15:00:33,079: Epoch 3 - Save Best loss: 0.5239 Model
2021-08-31 15:00:36,602: lr : 0.0001
2021-08-31 15:36:54,385: 0epoch : loss_train > 0.6567643259460075 loss_valid > 0.5657765786248117 auc > 0.823458036313066
2021-08-31 15:36:54,385: Epoch 1 - Save Best Score: 0.8235 Model
2021-08-31 15:36:54,775: Epoch 1 - Save Best loss: 0.5658 Model
2021-08-31 15:36:55,136: lr : 5.66875e-05
2021-08-31 16:13:15,198: 1epoch : loss_train > 0.6384402936018613 loss_valid > 0.517545495252516 auc > 0.8336295834283796
2021-08-31 16:13:15,198: Epoch 2 - Save Best Score: 0.8336 Model
2021-08-31 16:13:17,526: Epoch 2 - Save Best loss: 0.5175 Model
2021-08-31 16:13:19,653: lr : 9.250000000000008e-06
2021-09-01 00:03:15,876: lr : 0.0001
2021-09-01 00:37:09,498: 1epoch : loss_train > 0.6545928494955605 loss_valid > 0.5758877122876249 auc > 0.8115328950320304
2021-09-01 00:37:09,498: Epoch 1 - Save Best Score: 0.8115 Model
2021-09-01 00:37:13,428: Epoch 1 - Save Best loss: 0.5759 Model
2021-09-01 00:37:17,773: lr : 5.66875e-05
2021-09-01 01:10:55,480: 2epoch : loss_train > 0.636595265420692 loss_valid > 0.5620292528804787 auc > 0.830118204663
2021-09-01 01:10:55,480: Epoch 2 - Save Best Score: 0.8301 Model
2021-09-01 01:10:59,486: Epoch 2 - Save Best loss: 0.5620 Model
2021-09-01 01:11:02,803: lr : 9.250000000000008e-06
2021-09-01 01:45:16,246: 3epoch : loss_train > 0.6264432400648914 loss_valid > 0.519614624954635 auc > 0.8408756309475841
2021-09-01 01:45:16,246: Epoch 3 - Save Best Score: 0.8409 Model
2021-09-01 01:45:18,475: Epoch 3 - Save Best loss: 0.5196 Model
2021-09-01 01:45:21,892: lr : 0.0001
2021-09-01 02:19:34,879: 1epoch : loss_train > 0.657527175205474 loss_valid > 0.5610638783684649 auc > 0.823552944839406
2021-09-01 02:19:34,880: Epoch 1 - Save Best Score: 0.8236 Model
2021-09-01 02:19:37,177: Epoch 1 - Save Best loss: 0.5611 Model
2021-09-01 02:19:39,308: lr : 5.66875e-05
2021-09-01 02:53:52,571: 2epoch : loss_train > 0.639044895190918 loss_valid > 0.5170971837800212 auc > 0.8318263880860881
2021-09-01 02:53:52,572: Epoch 2 - Save Best Score: 0.8318 Model
2021-09-01 02:53:56,610: Epoch 2 - Save Best loss: 0.5171 Model
2021-09-01 02:53:59,360: lr : 9.250000000000008e-06
2021-09-01 03:28:12,181: 3epoch : loss_train > 0.6274611136665645 loss_valid > 0.5352871033746492 auc > 0.8423000759345711
2021-09-01 03:28:12,182: Epoch 3 - Save Best Score: 0.8423 Model
