2021-08-23 16:06:53,752: lr : 1e-06
2021-08-23 16:58:58,875: 0epoch : loss_train > 0.5906827618462699 loss_valid > 0.4977961236681257 auc > 0.8214389752685073
2021-08-23 16:58:58,875: Epoch 1 - Save Best Score: 0.8214 Model
2021-08-23 16:58:58,924: Epoch 1 - Save Best loss: 0.4978 Model
2021-08-23 16:58:58,972: lr : 3.4e-05
2021-08-23 17:51:11,653: 1epoch : loss_train > 0.5349054048946925 loss_valid > 0.48402877737454003 auc > 0.8308269163909681
2021-08-23 17:51:11,653: Epoch 2 - Save Best Score: 0.8308 Model
2021-08-23 17:51:11,709: Epoch 2 - Save Best loss: 0.4840 Model
2021-08-23 17:51:11,757: lr : 6.7e-05
2021-08-23 18:43:21,560: 2epoch : loss_train > 0.5357709715093885 loss_valid > 0.48489928094318935 auc > 0.8308456662390785
2021-08-23 18:43:21,560: Epoch 3 - Save Best Score: 0.8308 Model
2021-08-23 18:43:21,611: lr : 0.0001
2021-08-23 19:35:28,818: 3epoch : loss_train > 0.5394234269005912 loss_valid > 0.4838697893551418 auc > 0.8300819358597129
2021-08-23 19:35:28,818: Epoch 4 - Save Best loss: 0.4839 Model
2021-08-23 19:35:28,869: lr : 9.509795896116975e-05
2021-08-23 20:27:22,251: 4epoch : loss_train > 0.5399084138938359 loss_valid > 0.4836203989642007 auc > 0.8311890784289091
2021-08-23 20:27:22,251: Epoch 5 - Save Best Score: 0.8312 Model
2021-08-23 20:27:22,303: Epoch 5 - Save Best loss: 0.4836 Model
2021-08-23 20:27:22,362: lr : 8.136274519200731e-05
2021-08-23 21:18:59,080: 5epoch : loss_train > 0.5400960084370204 loss_valid > 0.4880895092146737 auc > 0.8300854884619757
2021-08-23 21:18:59,081: lr : 6.151478623083756e-05
2021-08-23 22:10:07,238: 6epoch : loss_train > 0.5408743680477143 loss_valid > 0.48814364836556573 auc > 0.8297075662954985
2021-08-23 22:10:07,238: lr : 3.948521376916244e-05
2021-08-23 23:01:19,881: 7epoch : loss_train > 0.5408875726767949 loss_valid > 0.4864413818359375 auc > 0.8301742164267049
2021-08-23 23:01:19,882: lr : 1.9637254807992694e-05
2021-08-23 23:52:40,053: 8epoch : loss_train > 0.5402035206317901 loss_valid > 0.48331048627580914 auc > 0.8314105235958108
2021-08-23 23:52:40,053: Epoch 9 - Save Best Score: 0.8314 Model
2021-08-23 23:52:40,106: Epoch 9 - Save Best loss: 0.4833 Model
2021-08-23 23:52:40,158: lr : 5.902041038830258e-06
2021-08-24 00:44:00,882: 9epoch : loss_train > 0.5401091425010136 loss_valid > 0.4829856919152396 auc > 0.8310331756130429
2021-08-24 00:44:00,882: Epoch 10 - Save Best loss: 0.4830 Model
2021-08-24 00:44:01,184: lr : 1e-06
2021-08-24 01:35:00,304: 0epoch : loss_train > 0.5770192549773625 loss_valid > 0.4928544190134321 auc > 0.8277433518615105
2021-08-24 01:35:00,304: Epoch 1 - Save Best Score: 0.8277 Model
2021-08-24 01:35:00,355: Epoch 1 - Save Best loss: 0.4929 Model
2021-08-24 01:35:00,405: lr : 3.4e-05
2021-08-24 02:26:06,404: 1epoch : loss_train > 0.5210725726195744 loss_valid > 0.4822043662752424 auc > 0.8328019591419591
2021-08-24 02:26:06,404: Epoch 2 - Save Best Score: 0.8328 Model
2021-08-24 02:26:06,459: Epoch 2 - Save Best loss: 0.4822 Model
2021-08-24 02:26:06,510: lr : 6.7e-05
2021-08-24 03:17:04,446: 2epoch : loss_train > 0.5309813380241394 loss_valid > 0.4806991219656808 auc > 0.8340915894011325
2021-08-24 03:17:04,446: Epoch 3 - Save Best Score: 0.8341 Model
2021-08-24 03:17:04,498: Epoch 3 - Save Best loss: 0.4807 Model
2021-08-24 03:17:04,548: lr : 0.0001
2021-08-24 04:08:02,720: 3epoch : loss_train > 0.5400111590726036 loss_valid > 0.4846807226725987 auc > 0.8329675236421028
2021-08-24 04:08:02,720: lr : 9.509795896116975e-05
2021-08-24 04:58:52,451: 4epoch : loss_train > 0.5418432097911835 loss_valid > 0.4833634614876338 auc > 0.8313159324674498
2021-08-24 04:58:52,451: lr : 8.136274519200731e-05
2021-08-24 05:50:07,419: 5epoch : loss_train > 0.5419460192476 loss_valid > 0.48086069083895 auc > 0.8324322849606912
2021-08-24 05:50:07,419: lr : 6.151478623083756e-05
2021-08-24 06:41:10,108: 6epoch : loss_train > 0.542611655827931 loss_valid > 0.4839872102737427 auc > 0.8317237651715108
2021-08-24 06:41:10,108: lr : 3.948521376916244e-05
2021-08-24 07:32:18,280: 7epoch : loss_train > 0.5421922551631928 loss_valid > 0.4812538186073303 auc > 0.8327325089590472
2021-08-24 07:32:18,280: lr : 1.9637254807992694e-05
2021-08-24 08:23:22,465: 8epoch : loss_train > 0.5417885054111481 loss_valid > 0.4813106924738203 auc > 0.8334709604082617
2021-08-24 08:23:22,465: lr : 5.902041038830258e-06
2021-08-24 09:13:37,386: 9epoch : loss_train > 0.5415336376939501 loss_valid > 0.48114431423459736 auc > 0.8341961461423612
2021-08-24 09:13:37,387: Epoch 10 - Save Best Score: 0.8342 Model
