2021-09-01 10:49:46,035: lr : 1e-06
2021-09-01 11:00:02,866: lr : 1e-06
2021-09-01 11:02:45,688: load_dict : ./save/tf_efficientnet_b7_ns_ver9
2021-09-01 11:02:57,482: lr : 1e-06
2021-09-01 11:36:24,329: 1epoch : loss_train > 0.6212246559041797 loss_valid > 0.49590120484230654 auc > 0.8394641171348747
2021-09-01 11:36:24,329: Epoch 1 - Save Best Score: 0.8395 Model
2021-09-01 11:36:24,677: Epoch 1 - Save Best loss: 0.4959 Model
2021-09-01 11:36:25,008: lr : 3.4e-05
2021-09-01 12:09:50,754: 2epoch : loss_train > 0.6153802233258052 loss_valid > 0.45215437762799393 auc > 0.8482203040341771
2021-09-01 12:09:50,754: Epoch 2 - Save Best Score: 0.8482 Model
2021-09-01 12:09:54,262: Epoch 2 - Save Best loss: 0.4522 Model
2021-09-01 12:09:57,613: lr : 6.7e-05
2021-09-01 12:43:26,337: 3epoch : loss_train > 0.6150972130703607 loss_valid > 0.46528671422630374 auc > 0.8445010512251934
2021-09-01 12:43:26,337: lr : 0.0001
2021-09-01 13:17:07,875: 4epoch : loss_train > 0.6158170305297193 loss_valid > 0.4748198850681245 auc > 0.8408724000545249
2021-09-01 13:17:07,875: lr : 5.05e-05
2021-09-01 13:50:37,307: 5epoch : loss_train > 0.6128205951657 loss_valid > 0.4528677537960674 auc > 0.8469613184452863
2021-09-01 13:50:37,307: lr : 1e-06
2021-09-01 14:24:06,169: 6epoch : loss_train > 0.6142577417233156 loss_valid > 0.44968100955960766 auc > 0.8477061754561258
2021-09-01 14:24:06,169: Epoch 6 - Save Best loss: 0.4497 Model
2021-09-01 14:24:09,532: lr : 2.4e-05
2021-09-01 14:57:53,693: 7epoch : loss_train > 0.611370666022165 loss_valid > 0.4717595606255621 auc > 0.8468554833876514
2021-09-01 14:57:53,693: lr : 4.7e-05
2021-09-01 15:31:28,685: 8epoch : loss_train > 0.6093418236552423 loss_valid > 0.4536063716959823 auc > 0.8488485159611956
2021-09-01 15:31:28,685: Epoch 8 - Save Best Score: 0.8488 Model
2021-09-01 15:31:32,080: lr : 7e-05
2021-09-01 16:04:59,975: 9epoch : loss_train > 0.615600810926133 loss_valid > 0.4511414746925322 auc > 0.8492261845562282
2021-09-01 16:04:59,975: Epoch 9 - Save Best Score: 0.8492 Model
2021-09-01 16:05:03,614: lr : 3.5499999999999996e-05
2021-09-01 16:38:40,011: 10epoch : loss_train > 0.6121546582158887 loss_valid > 0.45099227881856596 auc > 0.8506538668393361
2021-09-01 16:38:40,011: Epoch 10 - Save Best Score: 0.8507 Model
2021-09-01 16:38:43,783: lr : 1e-06
2021-09-01 17:12:10,509: 11epoch : loss_train > 0.6120246152968533 loss_valid > 0.44576832424513396 auc > 0.8513077739465318
2021-09-01 17:12:10,509: Epoch 11 - Save Best Score: 0.8513 Model
2021-09-01 17:12:14,109: Epoch 11 - Save Best loss: 0.4458 Model
2021-09-01 17:12:17,973: lr : 1.7e-05
2021-09-01 17:45:44,305: 12epoch : loss_train > 0.6112210534290782 loss_valid > 0.4434864853837942 auc > 0.852876163661903
2021-09-01 17:45:44,305: Epoch 12 - Save Best Score: 0.8529 Model
2021-09-01 17:45:48,161: Epoch 12 - Save Best loss: 0.4435 Model
2021-09-01 17:45:51,818: lr : 3.2999999999999996e-05
2021-09-01 18:19:25,144: 13epoch : loss_train > 0.6122566661607496 loss_valid > 0.44808917542434856 auc > 0.8515092940866777
2021-09-01 18:19:25,144: lr : 4.9e-05
2021-09-01 18:52:58,876: 14epoch : loss_train > 0.6105220940348463 loss_valid > 0.44757022179425643 auc > 0.8515356180168944
2021-09-01 18:52:58,876: lr : 2.5e-05
2021-09-01 19:26:24,065: 15epoch : loss_train > 0.609226445813354 loss_valid > 0.4467741093168244 auc > 0.8515805222288847
2021-09-01 19:26:24,065: lr : 1e-06
2021-09-01 19:59:53,766: 16epoch : loss_train > 0.6079417537868452 loss_valid > 0.4425264975215051 auc > 0.8529660922899726
2021-09-01 19:59:53,766: Epoch 16 - Save Best Score: 0.8530 Model
2021-09-01 19:59:57,495: Epoch 16 - Save Best loss: 0.4425 Model
2021-09-01 20:00:01,235: lr : 1.21e-05
2021-09-01 20:33:36,825: 17epoch : loss_train > 0.6078342672259913 loss_valid > 0.44050567984621863 auc > 0.8539110731398503
2021-09-01 20:33:36,826: Epoch 17 - Save Best Score: 0.8539 Model
2021-09-01 20:33:40,676: Epoch 17 - Save Best loss: 0.4405 Model
2021-09-01 20:33:44,451: lr : 2.3199999999999998e-05
2021-09-01 21:07:12,157: 18epoch : loss_train > 0.6083227109635249 loss_valid > 0.44051434279489404 auc > 0.8535770488842799
2021-09-01 21:07:12,157: lr : 3.4299999999999993e-05
2021-09-01 21:40:40,080: 19epoch : loss_train > 0.6100758046964116 loss_valid > 0.4444546497793773 auc > 0.8534471463506508
2021-09-01 21:40:40,081: lr : 1.765e-05
2021-09-01 22:14:23,199: 20epoch : loss_train > 0.60901564660038 loss_valid > 0.4398583583061238 auc > 0.8543650676070004
2021-09-01 22:14:23,199: Epoch 20 - Save Best Score: 0.8544 Model
2021-09-01 22:14:27,012: Epoch 20 - Save Best loss: 0.4399 Model
2021-09-01 22:14:31,094: lr : 1e-06
2021-09-01 22:47:58,497: 21epoch : loss_train > 0.6067004773636816 loss_valid > 0.4392230673541465 auc > 0.8544006339357538
2021-09-01 22:47:58,498: Epoch 21 - Save Best Score: 0.8544 Model
2021-09-01 22:48:02,130: Epoch 21 - Save Best loss: 0.4392 Model
2021-09-01 22:48:05,773: lr : 8.669999999999998e-06
2021-09-01 23:21:31,323: 22epoch : loss_train > 0.6082733882272493 loss_valid > 0.4432179593098952 auc > 0.8543535277338301
2021-09-01 23:21:31,323: lr : 1.6339999999999996e-05
2021-09-01 23:55:15,424: 23epoch : loss_train > 0.6067410430905751 loss_valid > 0.4388702556434706 auc > 0.8543799410773177
2021-09-01 23:55:15,424: Epoch 23 - Save Best loss: 0.4389 Model
2021-09-01 23:55:19,195: lr : 2.4009999999999995e-05
2021-09-02 00:28:46,012: 24epoch : loss_train > 0.6088757174786207 loss_valid > 0.4408720873773895 auc > 0.8547036357148955
2021-09-02 00:28:46,012: Epoch 24 - Save Best Score: 0.8547 Model
2021-09-02 00:28:51,122: load_dict : ./save/tf_efficientnet_b7_ns_ver9
2021-09-02 00:28:52,961: lr : 1e-06
2021-09-02 01:02:22,181: 1epoch : loss_train > 0.6217672965595646 loss_valid > 0.4554567297829272 auc > 0.8471604652434475
2021-09-02 01:02:22,181: Epoch 1 - Save Best Score: 0.8472 Model
2021-09-02 01:02:22,550: Epoch 1 - Save Best loss: 0.4555 Model
2021-09-02 01:02:22,896: lr : 3.4e-05
2021-09-02 01:36:04,552: 2epoch : loss_train > 0.6156717420421237 loss_valid > 0.45080754287824426 auc > 0.8498220574506133
2021-09-02 01:36:04,553: Epoch 2 - Save Best Score: 0.8498 Model
2021-09-02 01:36:08,416: Epoch 2 - Save Best loss: 0.4508 Model
2021-09-02 01:36:12,091: lr : 6.7e-05
2021-09-02 02:09:44,794: 3epoch : loss_train > 0.6186925568245926 loss_valid > 0.4475287495127965 auc > 0.8498660686268333
2021-09-02 02:09:44,794: Epoch 3 - Save Best Score: 0.8499 Model
2021-09-02 02:09:47,141: Epoch 3 - Save Best loss: 0.4475 Model
2021-09-02 02:09:49,310: lr : 0.0001
2021-09-02 02:43:19,734: 4epoch : loss_train > 0.61965422901361 loss_valid > 0.47089717123130026 auc > 0.8475298950114348
2021-09-02 02:43:19,735: lr : 5.05e-05
2021-09-02 03:16:58,704: 5epoch : loss_train > 0.6186136482950756 loss_valid > 0.444807620657136 auc > 0.8519063160502673
2021-09-02 03:16:58,704: Epoch 5 - Save Best Score: 0.8519 Model
2021-09-02 03:17:02,432: Epoch 5 - Save Best loss: 0.4448 Model
2021-09-02 03:17:06,188: lr : 1e-06
2021-09-02 03:50:41,104: 6epoch : loss_train > 0.6133794179815195 loss_valid > 0.4422229948029928 auc > 0.8526733685471876
2021-09-02 03:50:41,105: Epoch 6 - Save Best Score: 0.8527 Model
2021-09-02 03:50:44,822: Epoch 6 - Save Best loss: 0.4422 Model
2021-09-02 03:50:48,677: lr : 2.4e-05
2021-09-02 04:24:18,030: 7epoch : loss_train > 0.6116585405693505 loss_valid > 0.4458494352066317 auc > 0.853682713661292
2021-09-02 04:24:18,031: Epoch 7 - Save Best Score: 0.8537 Model
2021-09-02 04:24:21,728: lr : 4.7e-05
2021-09-02 04:57:51,057: 8epoch : loss_train > 0.6133105579072742 loss_valid > 0.4713434499289673 auc > 0.8510869922235493
2021-09-02 04:57:51,057: lr : 7e-05
2021-09-02 05:31:36,000: 9epoch : loss_train > 0.6160500876894135 loss_valid > 0.4449717240828866 auc > 0.8528959383570165
2021-09-02 05:31:36,000: lr : 3.5499999999999996e-05
2021-09-02 06:05:08,989: 10epoch : loss_train > 0.6126210434738397 loss_valid > 0.4473566616009595 auc > 0.853593615594499
2021-09-02 06:05:08,989: lr : 1e-06
2021-09-02 06:38:37,130: 11epoch : loss_train > 0.6090368432748551 loss_valid > 0.44462518678785884 auc > 0.854252606528543
2021-09-02 06:38:37,130: Epoch 11 - Save Best Score: 0.8543 Model
2021-09-02 06:38:40,977: lr : 1.7e-05
2021-09-02 07:12:24,390: 12epoch : loss_train > 0.6106533166282914 loss_valid > 0.4459389036046874 auc > 0.8551703390859013
2021-09-02 07:12:24,390: Epoch 12 - Save Best Score: 0.8552 Model
2021-09-02 07:12:28,074: lr : 3.2999999999999996e-05
2021-09-02 07:45:56,964: 13epoch : loss_train > 0.6096353142952976 loss_valid > 0.4452157129888302 auc > 0.8546964906379185
2021-09-02 07:45:56,965: lr : 4.9e-05
2021-09-02 08:19:29,252: 14epoch : loss_train > 0.6135443081982871 loss_valid > 0.44555833913771553 auc > 0.8539577195968472
2021-09-02 08:19:29,252: lr : 2.5e-05
2021-09-02 08:53:10,435: 15epoch : loss_train > 0.6115146778832979 loss_valid > 0.44814104038709884 auc > 0.8560639693458348
2021-09-02 08:53:10,435: Epoch 15 - Save Best Score: 0.8561 Model
2021-09-02 08:53:14,121: lr : 1e-06
2021-09-02 09:26:41,957: 16epoch : loss_train > 0.6077312099727246 loss_valid > 0.4402771369618915 auc > 0.8563840928607406
2021-09-02 09:26:41,957: Epoch 16 - Save Best Score: 0.8564 Model
2021-09-02 09:26:45,652: Epoch 16 - Save Best loss: 0.4403 Model
2021-09-02 09:26:49,633: lr : 1.21e-05
2021-09-02 10:00:17,905: 17epoch : loss_train > 0.6092339598503185 loss_valid > 0.4424399385381366 auc > 0.8567340208417947
2021-09-02 10:00:17,906: Epoch 17 - Save Best Score: 0.8567 Model
2021-09-02 10:00:21,655: lr : 2.3199999999999998e-05
2021-09-02 10:33:59,540: 18epoch : loss_train > 0.6074535643345369 loss_valid > 0.4522180478735088 auc > 0.8566032414968863
2021-09-02 10:33:59,540: lr : 3.4299999999999993e-05
2021-09-02 11:07:31,287: 19epoch : loss_train > 0.6101324471211164 loss_valid > 0.44359257759288195 auc > 0.8555719277079394
2021-09-02 11:07:31,288: lr : 1.765e-05
2021-09-02 11:41:00,995: 20epoch : loss_train > 0.6091777889040753 loss_valid > 0.4391267826275585 auc > 0.8566698232102314
2021-09-02 11:41:00,996: Epoch 20 - Save Best loss: 0.4391 Model
2021-09-02 11:41:04,804: lr : 1e-06
2021-09-02 12:14:39,351: 21epoch : loss_train > 0.6057475493415644 loss_valid > 0.4367784326631074 auc > 0.8568203967655605
2021-09-02 12:14:39,351: Epoch 21 - Save Best Score: 0.8568 Model
2021-09-02 12:14:43,190: Epoch 21 - Save Best loss: 0.4368 Model
2021-09-02 12:14:46,932: lr : 8.669999999999998e-06
2021-09-02 12:48:22,773: 22epoch : loss_train > 0.6049304181964666 loss_valid > 0.4366436364422279 auc > 0.857298396259721
2021-09-02 12:48:22,774: Epoch 22 - Save Best Score: 0.8573 Model
2021-09-02 12:48:26,626: Epoch 22 - Save Best loss: 0.4366 Model
2021-09-02 12:48:30,455: lr : 1.6339999999999996e-05
2021-09-02 13:22:00,197: 23epoch : loss_train > 0.6065632369130451 loss_valid > 0.4384969476077873 auc > 0.856895191260031
2021-09-02 13:22:00,197: lr : 2.4009999999999995e-05
2021-09-02 13:55:28,649: 24epoch : loss_train > 0.6088875017020651 loss_valid > 0.4421521447749632 auc > 0.8565844942253065
