2021-08-24 15:33:45,905: lr : 5e-07
2021-08-24 15:40:20,894: lr : 5e-07
2021-08-24 16:22:03,618: 0epoch : loss_train > 0.46753741557487766 loss_valid > 0.4480005241898563 auc > 0.8517726135036455
2021-08-24 16:22:03,619: Epoch 1 - Save Best Score: 0.8518 Model
2021-08-24 16:22:06,851: Epoch 1 - Save Best loss: 0.4480 Model
2021-08-24 16:22:09,899: lr : 2.525e-05
2021-08-24 17:03:31,644: 1epoch : loss_train > 0.43182501091017367 loss_valid > 0.4384285828103443 auc > 0.8554306258496183
2021-08-24 17:03:31,644: Epoch 2 - Save Best Score: 0.8554 Model
2021-08-24 17:03:34,842: Epoch 2 - Save Best loss: 0.4384 Model
2021-08-24 17:03:37,845: lr : 5e-05
2021-08-24 17:45:01,626: 2epoch : loss_train > 0.42849892286537083 loss_valid > 0.44384330630481195 auc > 0.8537535294437792
2021-08-24 17:45:01,627: lr : 3.7625e-05
2021-08-24 18:26:50,232: 3epoch : loss_train > 0.4114258617644829 loss_valid > 0.4608912176828458 auc > 0.847006395731267
2021-08-24 18:26:50,232: lr : 1.2875000000000006e-05
2021-08-24 19:08:38,573: 4epoch : loss_train > 0.3745778698193994 loss_valid > 0.5512976422905922 auc > 0.8279823219976197
2021-08-24 19:08:39,897: lr : 5e-07
2021-08-28 14:13:31,191: lr : 1e-07
2021-08-28 14:16:10,535: lr : 1e-07
2021-08-28 14:19:08,417: lr : 1e-07
2021-08-28 15:13:05,566: 0epoch : loss_train > 0.4645679584274277 loss_valid > 0.44614136066539345 auc > 0.8506301139296881
2021-08-28 15:13:05,566: Epoch 1 - Save Best Score: 0.8506 Model
2021-08-28 15:13:08,616: Epoch 1 - Save Best loss: 0.4461 Model
2021-08-28 15:13:11,675: lr : 5.05e-06
2021-08-28 15:14:28,405: lr : 1e-07
2021-08-28 15:47:49,437: 0epoch : loss_train > 0.46457162883067565 loss_valid > 0.4477604481637131 auc > 0.8514444005367036
2021-08-28 15:47:49,437: Epoch 1 - Save Best Score: 0.8514 Model
2021-08-28 15:47:52,507: Epoch 1 - Save Best loss: 0.4478 Model
2021-08-28 15:47:55,597: lr : 5.05e-06
2021-08-28 16:21:14,662: 1epoch : loss_train > 0.42523177448796784 loss_valid > 0.43911232933386735 auc > 0.8567776850537073
2021-08-28 16:21:14,663: Epoch 2 - Save Best Score: 0.8568 Model
2021-08-28 16:21:17,718: Epoch 2 - Save Best loss: 0.4391 Model
2021-08-28 16:21:20,719: lr : 1e-05
2021-08-28 16:54:38,534: 2epoch : loss_train > 0.41999704201498544 loss_valid > 0.44281993722329205 auc > 0.8551603233709896
2021-08-28 16:54:38,534: lr : 7.525e-06
2021-08-28 17:27:57,962: 3epoch : loss_train > 0.40997723026669186 loss_valid > 0.4588343765577675 auc > 0.8502470629363598
2021-08-28 17:27:57,962: lr : 2.575000000000001e-06
2021-08-28 18:01:16,958: 4epoch : loss_train > 0.3932794927452417 loss_valid > 0.49918381825349983 auc > 0.8389443023319781
2021-08-28 18:01:16,959: lr : 1e-07
2021-08-28 18:34:35,667: 5epoch : loss_train > 0.38880284534391163 loss_valid > 0.4780887681397012 auc > 0.8418386839924686
2021-08-28 18:34:35,668: lr : 2.55e-06
2021-08-28 19:07:55,636: 6epoch : loss_train > 0.378223728443463 loss_valid > 0.5475588640709589 auc > 0.8301732485950116
2021-08-28 19:07:56,820: lr : 1e-07
2021-08-28 19:41:15,657: 0epoch : loss_train > 0.4660116378518053 loss_valid > 0.4514427600753483 auc > 0.8535816145223203
2021-08-28 19:41:15,658: Epoch 1 - Save Best Score: 0.8536 Model
2021-08-28 19:41:18,767: Epoch 1 - Save Best loss: 0.4514 Model
2021-08-28 19:41:21,901: lr : 5.05e-06
2021-08-28 20:14:41,816: 1epoch : loss_train > 0.4257550760133037 loss_valid > 0.4366241638326138 auc > 0.8569180384808468
2021-08-28 20:14:41,816: Epoch 2 - Save Best Score: 0.8569 Model
2021-08-28 20:14:44,909: Epoch 2 - Save Best loss: 0.4366 Model
2021-08-28 20:14:48,254: lr : 1e-05
2021-08-28 20:48:07,713: 2epoch : loss_train > 0.42066104912649577 loss_valid > 0.4432358414312728 auc > 0.8539684798781321
2021-08-28 20:48:07,713: lr : 7.525e-06
2021-08-28 21:21:35,066: 3epoch : loss_train > 0.409704726111472 loss_valid > 0.45622549736268886 auc > 0.847688208720309
2021-08-28 21:21:35,067: lr : 2.575000000000001e-06
2021-08-28 21:55:43,981: 4epoch : loss_train > 0.39055097235936925 loss_valid > 0.49668950572185905 auc > 0.8353142881510205
2021-08-28 21:55:43,982: lr : 1e-07
2021-08-28 22:29:51,911: 5epoch : loss_train > 0.3846873628243135 loss_valid > 0.4810415789316401 auc > 0.8394919853509022
2021-08-28 22:29:51,911: lr : 2.55e-06
2021-08-28 23:03:59,408: 6epoch : loss_train > 0.3731726708863139 loss_valid > 0.5562876291447892 auc > 0.8264117457323668
2021-08-30 11:47:27,118: lr : 0.0001
2021-08-30 11:48:34,541: lr : 0.0001
2021-08-30 11:49:18,761: lr : 0.0001
2021-08-30 13:20:06,007: 0epoch : loss_train > 0.470698678807437 loss_valid > 0.4488396167402618 auc > 0.8487131758251857
2021-08-30 13:20:06,007: Epoch 1 - Save Best Score: 0.8487 Model
2021-08-30 13:20:06,348: Epoch 1 - Save Best loss: 0.4488 Model
2021-08-30 13:20:06,682: lr : 5.66875e-05
2021-08-30 14:51:09,380: 1epoch : loss_train > 0.4360643223156667 loss_valid > 0.44088647840971645 auc > 0.8536085079678788
2021-08-30 14:51:09,381: Epoch 2 - Save Best Score: 0.8536 Model
2021-08-30 14:51:12,485: Epoch 2 - Save Best loss: 0.4409 Model
2021-08-30 14:51:15,629: lr : 9.250000000000008e-06
2021-08-30 16:17:54,152: 2epoch : loss_train > 0.40839818351943336 loss_valid > 0.4571570617913832 auc > 0.850830903993258
2021-08-30 16:17:55,458: lr : 0.0001
2021-08-30 17:43:17,052: 0epoch : loss_train > 0.4721647958704098 loss_valid > 0.47196068940472663 auc > 0.8531590577101962
2021-08-30 17:43:17,052: Epoch 1 - Save Best Score: 0.8532 Model
2021-08-30 17:43:17,382: Epoch 1 - Save Best loss: 0.4720 Model
2021-08-30 17:43:17,704: lr : 5.66875e-05
2021-08-30 19:08:31,408: 1epoch : loss_train > 0.4370612313288736 loss_valid > 0.4610445801204761 auc > 0.8541703927989149
2021-08-30 19:08:31,408: Epoch 2 - Save Best Score: 0.8542 Model
2021-08-30 19:08:34,591: Epoch 2 - Save Best loss: 0.4610 Model
2021-08-30 19:08:37,592: lr : 9.250000000000008e-06
2021-08-30 20:33:49,914: 2epoch : loss_train > 0.4085735261639521 loss_valid > 0.4919597953098174 auc > 0.8484635852993823
