2021-08-24 12:02:24,692: lr : 5e-07
2021-08-24 12:04:31,331: lr : 5e-07
2021-08-24 12:07:21,544: lr : 5e-07
2021-08-24 12:13:09,236: lr : 5e-07
2021-08-24 12:18:07,550: lr : 5e-07
2021-08-24 12:19:37,489: lr : 5e-07
2021-08-24 12:22:29,538: lr : 5e-07
2021-08-24 12:26:54,843: lr : 5e-07
2021-08-24 12:27:27,688: lr : 5e-07
2021-08-24 12:28:46,486: lr : 5e-07
2021-08-24 12:33:13,985: lr : 5e-07
2021-08-24 12:34:15,057: lr : 5e-07
2021-08-24 12:35:01,827: lr : 5e-07
2021-08-24 12:57:11,239: 0epoch : loss_train > 0.5389451891704908 loss_valid > 0.5116551374588104 auc > 0.7942259017054455
2021-08-24 12:57:11,239: Epoch 1 - Save Best Score: 0.7942 Model
2021-08-24 12:57:14,460: Epoch 1 - Save Best loss: 0.5117 Model
2021-08-24 12:57:17,391: lr : 1.7e-05
2021-08-24 13:19:27,590: 1epoch : loss_train > 0.4919628392231967 loss_valid > 0.4899606164806626 auc > 0.809027045895823
2021-08-24 13:19:27,591: Epoch 2 - Save Best Score: 0.8090 Model
2021-08-24 13:19:30,863: Epoch 2 - Save Best loss: 0.4900 Model
2021-08-24 13:19:33,901: lr : 3.35e-05
2021-08-24 13:41:50,926: 2epoch : loss_train > 0.4911971631618571 loss_valid > 0.4888787587742549 auc > 0.8098176057921718
2021-08-24 13:41:50,926: Epoch 3 - Save Best Score: 0.8098 Model
2021-08-24 13:41:54,011: Epoch 3 - Save Best loss: 0.4889 Model
2021-08-24 13:41:57,327: lr : 5e-05
2021-08-24 14:03:51,679: 3epoch : loss_train > 0.4934592904713941 loss_valid > 0.4807273583703144 auc > 0.8207646167569722
2021-08-24 14:03:51,679: Epoch 4 - Save Best Score: 0.8208 Model
2021-08-24 14:03:52,013: Epoch 4 - Save Best loss: 0.4807 Model
2021-08-24 14:03:52,341: lr : 4.7548979480584875e-05
2021-08-24 14:26:02,531: 4epoch : loss_train > 0.49010005747062274 loss_valid > 0.4875509178634371 auc > 0.8119926101628034
2021-08-24 14:26:02,531: lr : 4.068137259600366e-05
2021-08-24 14:48:15,061: 5epoch : loss_train > 0.48811187379810556 loss_valid > 0.4952603631132794 auc > 0.8093318883128349
2021-08-24 14:48:15,061: lr : 3.075739311541878e-05
2021-08-24 15:10:28,201: 6epoch : loss_train > 0.4856854566348347 loss_valid > 0.49314694557649286 auc > 0.8107147273788541
2021-08-24 15:10:28,202: lr : 1.974260688458122e-05
2021-08-24 15:32:26,856: 7epoch : loss_train > 0.48196878366716356 loss_valid > 0.48415398098628 auc > 0.8188342406159156
2021-08-24 15:32:26,857: lr : 9.818627403996347e-06
2021-08-30 11:47:21,170: lr : 0.0001
2021-08-30 12:20:59,659: 0epoch : loss_train > 0.46547355851235767 loss_valid > 0.44629689237568365 auc > 0.851272850449451
2021-08-30 12:20:59,659: Epoch 1 - Save Best Score: 0.8513 Model
2021-08-30 12:21:00,035: Epoch 1 - Save Best loss: 0.4463 Model
2021-08-30 12:21:00,384: lr : 5.66875e-05
2021-08-30 12:54:39,104: 1epoch : loss_train > 0.43266419324874467 loss_valid > 0.44326094758655665 auc > 0.8531660794198188
2021-08-30 12:54:39,104: Epoch 2 - Save Best Score: 0.8532 Model
2021-08-30 12:54:42,279: Epoch 2 - Save Best loss: 0.4433 Model
2021-08-30 12:54:45,343: lr : 9.250000000000008e-06
2021-08-30 13:28:26,462: 2epoch : loss_train > 0.40426518070266637 loss_valid > 0.4679977888363373 auc > 0.8470699103398286
2021-08-30 13:28:27,762: lr : 0.0001
2021-08-30 14:02:06,534: 0epoch : loss_train > 0.467130775178055 loss_valid > 0.4505256137257984 auc > 0.8524079196785561
2021-08-30 14:02:06,534: Epoch 1 - Save Best Score: 0.8524 Model
2021-08-30 14:02:06,911: Epoch 1 - Save Best loss: 0.4505 Model
2021-08-30 14:02:07,269: lr : 5.66875e-05
2021-08-30 14:35:48,352: 1epoch : loss_train > 0.4341203855822501 loss_valid > 0.4585255557977054 auc > 0.8496134823610467
2021-08-30 14:35:48,352: lr : 9.250000000000008e-06
2021-08-30 15:09:32,594: 2epoch : loss_train > 0.4038007577340367 loss_valid > 0.479533174883269 auc > 0.8435358838179314
