2021-09-01 01:04:37,021: lr : 0.0001
2021-09-01 01:05:20,604: lr : 1e-06
2021-09-01 01:41:04,691: 1epoch : loss_train > 0.6544129157928641 loss_valid > 0.5886644937473493 auc > 0.7945416001180337
2021-09-01 01:41:04,692: Epoch 1 - Save Best Score: 0.7945 Model
2021-09-01 01:41:05,050: Epoch 1 - Save Best loss: 0.5887 Model
2021-09-01 01:41:05,401: lr : 3.4e-05
2021-09-01 02:17:00,734: 2epoch : loss_train > 0.6330069876418034 loss_valid > 0.5494911935248111 auc > 0.8338700116321818
2021-09-01 02:17:00,734: Epoch 2 - Save Best Score: 0.8339 Model
2021-09-01 02:17:02,896: Epoch 2 - Save Best loss: 0.5495 Model
2021-09-01 02:17:05,002: lr : 6.7e-05
2021-09-01 02:52:57,999: 3epoch : loss_train > 0.631583498940919 loss_valid > 0.5381909703192826 auc > 0.8363853660495956
2021-09-01 02:52:57,999: Epoch 3 - Save Best Score: 0.8364 Model
2021-09-01 02:53:02,133: Epoch 3 - Save Best loss: 0.5382 Model
2021-09-01 02:53:06,330: lr : 0.0001
2021-09-01 03:28:58,194: 4epoch : loss_train > 0.6317744266661953 loss_valid > 0.5316690666180258 auc > 0.8370940830836864
2021-09-01 03:28:58,194: Epoch 4 - Save Best Score: 0.8371 Model
2021-09-01 03:29:00,225: Epoch 4 - Save Best loss: 0.5317 Model
2021-09-01 03:29:02,334: lr : 5.05e-05
2021-09-01 04:02:52,683: 5epoch : loss_train > 0.6236377899210298 loss_valid > 0.4805410144915105 auc > 0.843298857502097
2021-09-01 04:02:52,684: Epoch 5 - Save Best Score: 0.8433 Model
2021-09-01 04:02:54,850: Epoch 5 - Save Best loss: 0.4805 Model
2021-09-01 04:02:56,976: lr : 1e-06
2021-09-01 04:36:39,865: 6epoch : loss_train > 0.6194671975614111 loss_valid > 0.4772538488905112 auc > 0.84433102662273
2021-09-01 04:36:39,865: Epoch 6 - Save Best Score: 0.8443 Model
2021-09-01 04:36:41,987: Epoch 6 - Save Best loss: 0.4773 Model
2021-09-01 04:36:44,124: lr : 1.7333333333333336e-05
2021-09-01 05:10:27,045: 7epoch : loss_train > 0.617236149338651 loss_valid > 0.5014362908570293 auc > 0.8465212673463547
2021-09-01 05:10:27,045: Epoch 7 - Save Best Score: 0.8465 Model
2021-09-01 05:10:29,256: lr : 3.366666666666667e-05
2021-09-01 05:44:15,305: 8epoch : loss_train > 0.6160625984325857 loss_valid > 0.4541751993389051 auc > 0.8476840170363735
2021-09-01 05:44:15,305: Epoch 8 - Save Best Score: 0.8477 Model
2021-09-01 05:44:19,065: Epoch 8 - Save Best loss: 0.4542 Model
2021-09-01 05:44:24,168: lr : 1e-06
2021-09-01 06:18:09,837: 1epoch : loss_train > 0.6561243048944742 loss_valid > 0.5804405302309933 auc > 0.8031567745850535
2021-09-01 06:18:09,837: Epoch 1 - Save Best Score: 0.8032 Model
2021-09-01 06:18:10,172: Epoch 1 - Save Best loss: 0.5804 Model
2021-09-01 06:18:10,494: lr : 3.4e-05
2021-09-01 06:52:00,178: 2epoch : loss_train > 0.6352800348359181 loss_valid > 0.5274836340862307 auc > 0.8359328817100908
2021-09-01 06:52:00,178: Epoch 2 - Save Best Score: 0.8359 Model
2021-09-01 06:52:03,469: Epoch 2 - Save Best loss: 0.5275 Model
2021-09-01 06:52:06,628: lr : 6.7e-05
2021-09-01 07:25:52,734: 3epoch : loss_train > 0.6333059974022421 loss_valid > 0.542485858398347 auc > 0.8318106044371424
2021-09-01 07:25:52,734: lr : 0.0001
2021-09-01 07:59:41,462: 4epoch : loss_train > 0.631456188124502 loss_valid > 0.5075835279397536 auc > 0.8402865651454614
2021-09-01 07:59:41,462: Epoch 4 - Save Best Score: 0.8403 Model
2021-09-01 07:59:44,594: Epoch 4 - Save Best loss: 0.5076 Model
2021-09-01 07:59:47,630: lr : 5.05e-05
2021-09-01 08:33:33,624: 5epoch : loss_train > 0.6253649385816478 loss_valid > 0.49338506016066763 auc > 0.8463373933042504
2021-09-01 08:33:33,624: Epoch 5 - Save Best Score: 0.8463 Model
2021-09-01 08:33:36,775: Epoch 5 - Save Best loss: 0.4934 Model
2021-09-01 08:33:39,890: lr : 1e-06
2021-09-01 09:07:25,573: 6epoch : loss_train > 0.6202045750558723 loss_valid > 0.4962780420956728 auc > 0.847139349782944
2021-09-01 09:07:25,573: Epoch 6 - Save Best Score: 0.8471 Model
2021-09-01 09:07:28,539: lr : 1.7333333333333336e-05
2021-09-01 09:41:14,629: 7epoch : loss_train > 0.6182286658483619 loss_valid > 0.4770040017184551 auc > 0.8488647287173108
2021-09-01 09:41:14,630: Epoch 7 - Save Best Score: 0.8489 Model
2021-09-01 09:41:17,895: Epoch 7 - Save Best loss: 0.4770 Model
2021-09-01 09:41:21,253: lr : 3.366666666666667e-05
2021-09-01 10:15:59,489: 8epoch : loss_train > 0.6185006799714632 loss_valid > 0.4693778547004024 auc > 0.8493734607133923
2021-09-01 10:15:59,489: Epoch 8 - Save Best Score: 0.8494 Model
2021-09-01 10:16:02,793: Epoch 8 - Save Best loss: 0.4694 Model
