2021-09-03 23:49:07,778: lr : 1e-07
2021-09-04 02:07:02,288: lr : 1e-07
2021-09-04 02:08:12,716: lr : 1e-07
2021-09-04 02:09:27,808: lr : 1e-07
2021-09-04 02:12:10,510: lr : 1e-07
2021-09-04 02:50:19,474: 1epoch : loss_train > 0.5107675629138947 loss_valid > 0.4813723042079381 auc > 0.8267933872868316
2021-09-04 02:50:19,475: Epoch 1 - Save Best Score: 0.8268 Model
2021-09-04 02:50:19,505: Epoch 1 - Save Best loss: 0.4814 Model
2021-09-04 02:50:19,534: lr : 3.3400000000000005e-05
2021-09-04 03:28:20,862: 2epoch : loss_train > 0.4644996695314135 loss_valid > 0.47413601200921196 auc > 0.8324496464413683
2021-09-04 03:28:20,862: Epoch 2 - Save Best Score: 0.8324 Model
2021-09-04 03:28:20,966: Epoch 2 - Save Best loss: 0.4741 Model
2021-09-04 03:28:21,089: lr : 6.670000000000001e-05
2021-09-04 04:06:34,722: 3epoch : loss_train > 0.4636474018914359 loss_valid > 0.47216381789616174 auc > 0.8358754408391538
2021-09-04 04:06:34,722: Epoch 3 - Save Best Score: 0.8359 Model
2021-09-04 04:06:34,813: Epoch 3 - Save Best loss: 0.4722 Model
2021-09-04 04:06:34,929: lr : 0.0001
2021-09-04 04:44:38,753: 4epoch : loss_train > 0.4611457687786647 loss_valid > 0.5504789225169591 auc > 0.8341428489706627
2021-09-04 04:44:38,753: lr : 5.0050000000000004e-05
2021-09-04 05:22:43,801: 5epoch : loss_train > 0.4518448147569384 loss_valid > 0.46574574443953376 auc > 0.838323841272791
2021-09-04 05:22:43,802: Epoch 5 - Save Best Score: 0.8383 Model
2021-09-04 05:22:43,895: Epoch 5 - Save Best loss: 0.4657 Model
2021-09-04 05:22:44,039: lr : 1e-07
2021-09-04 06:00:43,080: 6epoch : loss_train > 0.4485148389543806 loss_valid > 0.48424898201397487 auc > 0.8390729999165523
2021-09-04 06:00:43,080: Epoch 6 - Save Best Score: 0.8391 Model
2021-09-04 06:00:43,179: lr : 2.3399999999999996e-05
2021-09-04 06:38:46,490: 7epoch : loss_train > 0.44560395699909755 loss_valid > 0.46167542772974285 auc > 0.8433939408243663
2021-09-04 06:38:46,490: Epoch 7 - Save Best Score: 0.8434 Model
2021-09-04 06:38:46,581: Epoch 7 - Save Best loss: 0.4617 Model
2021-09-04 06:38:46,721: lr : 4.67e-05
2021-09-04 07:16:42,002: 8epoch : loss_train > 0.4452190393856594 loss_valid > 0.46039597697257995 auc > 0.8435569638192489
2021-09-04 07:16:42,002: Epoch 8 - Save Best Score: 0.8436 Model
2021-09-04 07:16:42,120: Epoch 8 - Save Best loss: 0.4604 Model
2021-09-04 07:16:42,500: lr : 1e-07
2021-09-04 07:54:04,121: 1epoch : loss_train > 0.5151814192431313 loss_valid > 0.5688889759336199 auc > 0.8185704277933047
2021-09-04 07:54:04,121: Epoch 1 - Save Best Score: 0.8186 Model
2021-09-04 07:54:04,152: Epoch 1 - Save Best loss: 0.5689 Model
2021-09-04 07:54:04,181: lr : 3.3400000000000005e-05
2021-09-04 08:31:17,297: 2epoch : loss_train > 0.46820671777044026 loss_valid > 0.5494204312256404 auc > 0.8277290984677625
2021-09-04 08:31:17,297: Epoch 2 - Save Best Score: 0.8277 Model
2021-09-04 08:31:17,405: Epoch 2 - Save Best loss: 0.5494 Model
2021-09-04 08:31:17,559: lr : 6.670000000000001e-05
2021-09-04 09:08:25,932: 3epoch : loss_train > 0.4648868803705488 loss_valid > 0.7533863066673279 auc > 0.8287451034292219
2021-09-04 09:08:25,932: Epoch 3 - Save Best Score: 0.8287 Model
2021-09-04 09:08:26,019: lr : 0.0001
2021-09-04 09:45:42,329: 4epoch : loss_train > 0.46112393435750687 loss_valid > 0.895137555374418 auc > 0.8247329724131577
2021-09-04 09:45:42,329: lr : 5.0050000000000004e-05
2021-09-04 10:22:55,738: 5epoch : loss_train > 0.451580717093604 loss_valid > 0.7120386298724584 auc > 0.8251000753697751
2021-09-04 10:22:55,738: lr : 1e-07
2021-09-04 11:00:03,660: 6epoch : loss_train > 0.4485593946593148 loss_valid > 0.7470528307437897 auc > 0.8262804440149767
2021-09-04 11:00:03,660: lr : 2.3399999999999996e-05
2021-09-04 11:37:16,385: 7epoch : loss_train > 0.44469625460760936 loss_valid > 0.9606564439024244 auc > 0.8249229824505434
2021-09-04 11:37:16,385: lr : 4.67e-05
2021-09-04 12:14:25,622: 8epoch : loss_train > 0.44591434003966196 loss_valid > 0.8675945685182299 auc > 0.8318933156412913
2021-09-04 12:14:25,622: Epoch 8 - Save Best Score: 0.8319 Model
