2021-08-31 09:53:03,894: lr : 0.0001
2021-08-31 10:32:31,826: lr : 0.0001
2021-08-31 11:09:19,295: 0epoch : loss_train > 0.42896244289893276 loss_valid > 2.4468076184321057 auc > 0.8627882288517579
2021-08-31 11:09:19,295: Epoch 1 - Save Best Score: 0.8628 Model
2021-08-31 11:09:19,653: Epoch 1 - Save Best loss: 2.4468 Model
2021-08-31 11:09:19,999: lr : 5.66875e-05
2021-08-31 11:31:24,213: lr : 0.0001
2021-08-31 12:32:29,473: 0epoch : loss_train > 0.42896244289893276 loss_valid > 2.4468076182535925 auc > 0.8627882287214909
2021-08-31 12:32:29,474: Epoch 1 - Save Best Score: 0.8628 Model
2021-08-31 12:32:33,781: Epoch 1 - Save Best loss: 2.4468 Model
2021-08-31 12:32:37,626: lr : 5.66875e-05
2021-08-31 13:08:31,119: 1epoch : loss_train > 0.4011152944072993 loss_valid > 3.6763785060988665 auc > 0.8590739765197339
2021-08-31 13:08:31,120: lr : 9.250000000000008e-06
2021-08-31 13:09:38,577: lr : 0.0001
2021-08-31 13:46:58,528: 0epoch : loss_train > 0.43644330029395056 loss_valid > 2.152058050795825 auc > 0.8679800827039781
2021-08-31 13:46:58,528: Epoch 1 - Save Best Score: 0.8680 Model
2021-08-31 13:47:02,537: Epoch 1 - Save Best loss: 2.1521 Model
2021-08-31 13:47:06,214: lr : 5.66875e-05
2021-08-31 14:24:14,019: 1epoch : loss_train > 0.4062097859696177 loss_valid > 1.7760982056786823 auc > 0.8725678642127598
2021-08-31 14:24:14,019: Epoch 2 - Save Best Score: 0.8726 Model
2021-08-31 14:24:17,978: Epoch 2 - Save Best loss: 1.7761 Model
2021-08-31 14:24:21,075: lr : 9.250000000000008e-06
2021-08-31 15:01:30,770: 2epoch : loss_train > 0.38454358748872647 loss_valid > 1.8831791534501723 auc > 0.871277415042413
2021-08-31 15:01:32,023: lr : 0.0001
2021-08-31 15:38:38,650: 0epoch : loss_train > 0.43595896118747696 loss_valid > 2.4163730098488374 auc > 0.8682388163139967
2021-08-31 15:38:38,650: Epoch 1 - Save Best Score: 0.8682 Model
2021-08-31 15:38:39,021: Epoch 1 - Save Best loss: 2.4164 Model
2021-08-31 15:38:39,373: lr : 5.66875e-05
2021-08-31 16:15:47,998: 1epoch : loss_train > 0.406739258059655 loss_valid > 1.7373294493508853 auc > 0.8715943773118632
2021-08-31 16:15:47,998: Epoch 2 - Save Best Score: 0.8716 Model
2021-08-31 16:15:50,201: Epoch 2 - Save Best loss: 1.7373 Model
2021-08-31 16:15:52,585: lr : 9.250000000000008e-06
