2021-08-24 11:52:10,860: lr : 5e-07
2021-08-24 11:53:22,600: lr : 5e-07
2021-08-24 11:55:19,671: lr : 5e-07
2021-08-24 11:56:43,038: lr : 5e-07
2021-09-03 00:49:32,507: lr : 1e-06
2021-09-03 01:28:12,386: 1epoch : loss_train > 0.7267282910985383 loss_valid > 0.6931602790411471 auc > 0.5032150652774722
2021-09-03 01:28:12,386: Epoch 1 - Save Best Score: 0.5032 Model
2021-09-03 01:28:12,816: Epoch 1 - Save Best loss: 0.6932 Model
2021-09-03 01:28:13,237: lr : 3.4e-05
2021-09-03 02:06:54,619: 2epoch : loss_train > 0.696650075250372 loss_valid > 0.6932798121943514 auc > 0.49547673877341863
2021-09-03 02:06:54,619: lr : 6.7e-05
2021-09-03 02:45:36,625: 3epoch : loss_train > 0.6974344319852569 loss_valid > 0.6934810012842069 auc > 0.5076010274393499
2021-09-03 02:45:36,625: Epoch 3 - Save Best Score: 0.5076 Model
2021-09-03 02:45:41,443: lr : 0.0001
2021-09-03 03:24:22,811: 4epoch : loss_train > 0.6968413019758617 loss_valid > 0.6934974500408942 auc > 0.5038388175103343
2021-09-03 03:24:22,811: lr : 5.05e-05
2021-09-03 04:03:03,316: 5epoch : loss_train > 0.6947547342330332 loss_valid > 0.6933524977469123 auc > 0.4939779857970935
2021-09-03 04:03:03,316: lr : 1e-06
2021-09-03 04:41:44,335: 6epoch : loss_train > 0.69379568632315 loss_valid > 0.6932244458704934 auc > 0.49552507875092966
2021-09-03 04:41:44,335: lr : 2.4e-05
2021-09-03 05:20:25,218: 7epoch : loss_train > 0.6939359234743828 loss_valid > 0.6932965595668862 auc > 0.49727523113072236
2021-09-03 05:20:25,218: lr : 4.7e-05
2021-09-03 05:59:06,455: 8epoch : loss_train > 0.6944536102240073 loss_valid > 0.6931521889380137 auc > 0.49493238325470246
2021-09-03 05:59:06,455: Epoch 8 - Save Best loss: 0.6932 Model
2021-09-03 05:59:13,132: lr : 1e-06
2021-09-03 06:37:54,202: 1epoch : loss_train > 0.7234394373685911 loss_valid > 0.7007691303796998 auc > 0.4953179593757398
2021-09-03 06:37:54,203: Epoch 1 - Save Best Score: 0.4953 Model
2021-09-03 06:37:54,638: Epoch 1 - Save Best loss: 0.7008 Model
2021-09-03 06:37:55,056: lr : 3.4e-05
2021-09-03 07:16:37,301: 2epoch : loss_train > 0.6963594884556507 loss_valid > 0.6947321834208227 auc > 0.4998509259090502
2021-09-03 07:16:37,301: Epoch 2 - Save Best Score: 0.4999 Model
2021-09-03 07:16:42,229: Epoch 2 - Save Best loss: 0.6947 Model
2021-09-03 07:16:47,219: lr : 6.7e-05
2021-09-03 07:55:29,646: 3epoch : loss_train > 0.696839503772136 loss_valid > 0.6964520769478106 auc > 0.48686429144942633
2021-09-03 07:55:29,646: lr : 0.0001
2021-09-03 08:34:11,511: 4epoch : loss_train > 0.696327755912427 loss_valid > 0.6964489120929052 auc > 0.497153901964976
2021-09-03 08:34:11,511: lr : 5.05e-05
2021-09-03 09:12:51,483: 5epoch : loss_train > 0.6943988586755443 loss_valid > 0.6938626126784474 auc > 0.4936936657027929
2021-09-03 09:12:51,483: Epoch 5 - Save Best loss: 0.6939 Model
2021-09-03 09:12:55,750: lr : 1e-06
2021-09-03 09:51:36,280: 6epoch : loss_train > 0.6935264209788757 loss_valid > 0.6935873616985218 auc > 0.5099589466938628
2021-09-03 09:51:36,281: Epoch 6 - Save Best Score: 0.5100 Model
2021-09-03 09:51:40,423: Epoch 6 - Save Best loss: 0.6936 Model
2021-09-03 09:51:45,056: lr : 2.4e-05
2021-09-03 10:30:23,698: 7epoch : loss_train > 0.6937972133147581 loss_valid > 0.693315554525487 auc > 0.5161669444543117
2021-09-03 10:30:23,699: Epoch 7 - Save Best Score: 0.5162 Model
2021-09-03 10:30:27,836: Epoch 7 - Save Best loss: 0.6933 Model
2021-09-03 10:30:32,104: lr : 4.7e-05
2021-09-03 11:09:08,926: 8epoch : loss_train > 0.6941052977842813 loss_valid > 0.6942344038766649 auc > 0.5025843215645813
