2021-08-23 16:00:46,394: 0epoch : loss_train > 0.717780488729477 loss_valid > 0.6994863239697048 auc > 0.5290569681425911
2021-08-23 16:00:46,394: Epoch 1 - Save Best Score: 0.5291 Model
2021-08-23 16:00:46,423: Epoch 1 - Save Best loss: 0.6995 Model
2021-08-23 16:02:34,387: 0epoch : loss_train > 0.6925428020954132 loss_valid > 0.6752511298656464 auc > 0.5992186669667585
2021-08-23 16:02:34,390: Epoch 1 - Save Best Score: 0.5992 Model
2021-08-23 16:02:34,533: Epoch 1 - Save Best loss: 0.6753 Model
2021-08-23 16:02:48,589: 1epoch : loss_train > 0.6535549694299698 loss_valid > 0.6485347658395767 auc > 0.6456666807334747
2021-08-23 16:02:48,591: Epoch 2 - Save Best Score: 0.6457 Model
2021-08-23 16:02:48,642: Epoch 2 - Save Best loss: 0.6485 Model
2021-08-23 16:03:02,229: 2epoch : loss_train > 0.622326483130455 loss_valid > 0.6389925223588944 auc > 0.6588118197135373
2021-08-23 16:03:02,231: Epoch 3 - Save Best Score: 0.6588 Model
2021-08-23 16:03:02,284: Epoch 3 - Save Best loss: 0.6390 Model
2021-08-23 16:03:16,027: 3epoch : loss_train > 0.6205480289459229 loss_valid > 0.638966823220253 auc > 0.6588451306962757
2021-08-23 16:03:16,028: Epoch 4 - Save Best Score: 0.6588 Model
2021-08-23 16:03:16,059: Epoch 4 - Save Best loss: 0.6390 Model
2021-08-23 16:03:29,726: 4epoch : loss_train > 0.6110721373558045 loss_valid > 0.6330558425188064 auc > 0.6669583575595026
2021-08-23 16:03:29,727: Epoch 5 - Save Best Score: 0.6670 Model
2021-08-23 16:03:29,761: Epoch 5 - Save Best loss: 0.6331 Model
2021-08-23 16:05:46,999: lr : 0.0001
2021-08-23 16:06:01,569: 0epoch : loss_train > 0.6925428396463394 loss_valid > 0.6752511501312256 auc > 0.5992192042406737
2021-08-23 16:06:01,570: Epoch 1 - Save Best Score: 0.5992 Model
2021-08-23 16:06:01,747: Epoch 1 - Save Best loss: 0.6753 Model
2021-08-23 16:06:01,969: lr : 5.629375000000001e-05
2021-08-23 16:06:15,633: 1epoch : loss_train > 0.6535549575090408 loss_valid > 0.648534739613533 auc > 0.6456666807334747
2021-08-23 16:06:15,634: Epoch 2 - Save Best Score: 0.6457 Model
2021-08-23 16:06:15,776: Epoch 2 - Save Best loss: 0.6485 Model
2021-08-23 16:06:15,885: lr : 8.42500000000001e-06
