2021-08-28 21:09:44,785: lr : 1e-07
2021-08-28 21:10:23,202: lr : 1e-07
2021-08-28 21:11:06,774: lr : 1e-07
2021-08-28 21:11:43,032: lr : 1e-07
2021-08-28 21:12:07,891: lr : 1e-07
2021-08-28 21:13:00,691: lr : 1e-07
2021-08-28 21:13:32,940: lr : 1e-07
2021-08-28 23:20:59,628: 0epoch : loss_train > 0.5023397091596365 loss_valid > 0.4943690909381042 auc > 0.8329548530290661
2021-08-28 23:20:59,628: Epoch 1 - Save Best Score: 0.8330 Model
2021-08-28 23:21:02,738: Epoch 1 - Save Best loss: 0.4944 Model
2021-08-28 23:21:06,061: lr : 5.05e-06
2021-08-29 01:22:05,309: 1epoch : loss_train > 0.4517893744823384 loss_valid > 0.45888525770589667 auc > 0.8452088605041252
2021-08-29 01:22:05,309: Epoch 2 - Save Best Score: 0.8452 Model
2021-08-29 01:22:08,500: Epoch 2 - Save Best loss: 0.4589 Model
2021-08-29 01:22:11,487: lr : 1e-05
2021-08-29 03:23:11,784: 2epoch : loss_train > 0.44504104586327875 loss_valid > 0.45857176254389675 auc > 0.8447805220079663
2021-08-29 03:23:11,785: Epoch 3 - Save Best loss: 0.4586 Model
2021-08-29 03:23:14,752: lr : 7.525e-06
2021-08-29 05:24:16,757: 3epoch : loss_train > 0.4362823939115496 loss_valid > 0.4620400650829544 auc > 0.8439552742523067
2021-08-29 05:24:16,757: lr : 2.575000000000001e-06
2021-08-29 07:25:03,117: 4epoch : loss_train > 0.4274592621652185 loss_valid > 0.4697689571887002 auc > 0.843740477376637
2021-08-29 07:25:03,118: lr : 1e-07
2021-08-29 09:26:00,893: 5epoch : loss_train > 0.4245437291067078 loss_valid > 0.46613797378502236 auc > 0.8441759625314059
2021-08-29 09:26:00,893: lr : 2.55e-06
2021-08-29 11:26:58,272: 6epoch : loss_train > 0.4229302070342024 loss_valid > 0.4749304025565749 auc > 0.8424066641810287
2021-08-29 11:26:59,554: lr : 1e-07
2021-08-29 13:27:57,134: 0epoch : loss_train > 0.5036835651696264 loss_valid > 0.5503030684612563 auc > 0.8337091638160063
2021-08-29 13:27:57,134: Epoch 1 - Save Best Score: 0.8337 Model
2021-08-29 13:28:00,035: Epoch 1 - Save Best loss: 0.5503 Model
2021-08-29 13:28:03,282: lr : 5.05e-06
2021-08-29 15:28:57,527: 1epoch : loss_train > 0.4529151479290784 loss_valid > 0.4608567766177886 auc > 0.8456185575195272
2021-08-29 15:28:57,527: Epoch 2 - Save Best Score: 0.8456 Model
2021-08-29 15:29:00,658: Epoch 2 - Save Best loss: 0.4609 Model
2021-08-29 15:29:03,673: lr : 1e-05
2021-08-29 17:30:00,639: 2epoch : loss_train > 0.44559280668451823 loss_valid > 0.4691228784363405 auc > 0.8453519742120494
2021-08-29 17:30:00,639: lr : 7.525e-06
