2021-08-23 15:44:17,258: 0epoch : loss_train > 0.5409188350464 loss_valid > 0.49307070103948725 auc > 0.5
2021-08-23 15:44:17,258: after train lr : 0.0001
2021-08-23 16:05:41,958: lr : 1e-06
2021-08-23 16:56:44,419: 0epoch : loss_train > 0.5665559183511172 loss_valid > 0.5227253993243275 auc > 0.8018167951645702
2021-08-23 16:56:44,419: Epoch 1 - Save Best Score: 0.8018 Model
2021-08-23 16:56:44,777: Epoch 1 - Save Best loss: 0.5227 Model
2021-08-23 16:56:45,121: lr : 3.4e-05
2021-08-23 17:47:48,025: 1epoch : loss_train > 0.5323244429611367 loss_valid > 0.5095248497795233 auc > 0.8036666525250841
2021-08-23 17:47:48,026: Epoch 2 - Save Best Score: 0.8037 Model
2021-08-23 17:47:48,378: Epoch 2 - Save Best loss: 0.5095 Model
2021-08-23 17:47:48,723: lr : 6.7e-05
2021-08-23 18:38:48,084: 2epoch : loss_train > 0.5377571755457627 loss_valid > 0.5069935526756297 auc > 0.8098575336518101
2021-08-23 18:38:48,084: Epoch 3 - Save Best Score: 0.8099 Model
2021-08-23 18:38:48,433: Epoch 3 - Save Best loss: 0.5070 Model
2021-08-23 18:38:48,773: lr : 0.0001
2021-08-23 19:29:41,662: 3epoch : loss_train > 0.5440544755411018 loss_valid > 0.5342102389058554 auc > 0.7856698040788526
2021-08-23 19:29:41,662: lr : 9.509795896116975e-05
2021-08-23 20:20:31,677: 4epoch : loss_train > 0.5465423411137035 loss_valid > 0.5103262487465607 auc > 0.8049502879624542
2021-08-23 20:20:31,677: lr : 8.136274519200731e-05
2021-08-23 21:11:12,804: 5epoch : loss_train > 0.5486172885877612 loss_valid > 0.5222540046300714 auc > 0.7930269315794893
2021-08-23 21:11:12,804: lr : 6.151478623083756e-05
2021-08-23 22:01:50,531: 6epoch : loss_train > 0.5501674973713359 loss_valid > 0.512381473882459 auc > 0.8066299290623298
2021-08-23 22:01:50,531: lr : 3.948521376916244e-05
2021-08-23 22:52:23,545: 7epoch : loss_train > 0.5503660688916828 loss_valid > 0.5123383425607803 auc > 0.8064448035405554
2021-08-23 22:52:23,545: lr : 1.9637254807992694e-05
2021-08-23 23:42:53,440: 8epoch : loss_train > 0.5502602810478799 loss_valid > 0.5102494987603283 auc > 0.8046616338117604
2021-08-23 23:42:53,441: lr : 5.902041038830258e-06
2021-08-24 00:33:21,396: 9epoch : loss_train > 0.5499818980142112 loss_valid > 0.5104851631430432 auc > 0.8071423507270092
2021-08-24 00:33:22,626: lr : 1e-06
2021-08-24 01:24:22,291: 0epoch : loss_train > 0.5676737636644463 loss_valid > 0.5124565040591158 auc > 0.8070408882461779
2021-08-24 01:24:22,291: Epoch 1 - Save Best Score: 0.8070 Model
2021-08-24 01:24:22,718: Epoch 1 - Save Best loss: 0.5125 Model
2021-08-24 01:24:23,043: lr : 3.4e-05
2021-08-24 02:15:21,880: 1epoch : loss_train > 0.5342896767663023 loss_valid > 0.4903862324834156 auc > 0.8231068143268288
2021-08-24 02:15:21,881: Epoch 2 - Save Best Score: 0.8231 Model
2021-08-24 02:15:22,220: Epoch 2 - Save Best loss: 0.4904 Model
2021-08-24 02:15:22,538: lr : 6.7e-05
2021-08-24 03:06:20,097: 2epoch : loss_train > 0.5406268146814939 loss_valid > 0.5034436466128278 auc > 0.8126249546155904
2021-08-24 03:06:20,097: lr : 0.0001
2021-08-24 03:57:11,916: 3epoch : loss_train > 0.5468906051120735 loss_valid > 0.512311965411029 auc > 0.8039841760398274
2021-08-24 03:57:11,916: lr : 9.509795896116975e-05
2021-08-24 04:47:56,210: 4epoch : loss_train > 0.5489813013051444 loss_valid > 0.5034392177496702 auc > 0.8090130942112777
2021-08-24 04:47:56,211: lr : 8.136274519200731e-05
2021-08-24 05:38:32,742: 5epoch : loss_train > 0.551139767953783 loss_valid > 0.5238320166918772 auc > 0.8012697951048724
2021-08-24 05:38:32,743: lr : 6.151478623083756e-05
2021-08-24 06:29:06,566: 6epoch : loss_train > 0.5524977522841209 loss_valid > 0.5097108065959399 auc > 0.8064289264732364
2021-08-24 06:29:06,566: lr : 3.948521376916244e-05
2021-08-24 07:19:37,094: 7epoch : loss_train > 0.5526182984433274 loss_valid > 0.5205735832268872 auc > 0.8020749542113172
2021-08-24 07:19:37,094: lr : 1.9637254807992694e-05
2021-08-24 08:10:06,432: 8epoch : loss_train > 0.552292928068982 loss_valid > 0.5175138634639445 auc > 0.8015847362214951
2021-08-24 08:10:06,432: lr : 5.902041038830258e-06
2021-08-24 09:00:33,650: 9epoch : loss_train > 0.5523304266495618 loss_valid > 0.5130462064690323 auc > 0.805153994862941
2021-08-29 17:55:30,769: lr : 1e-06
2021-08-29 17:56:43,012: lr : 1e-07
2021-08-29 19:41:20,418: 0epoch : loss_train > 0.5376509671121835 loss_valid > 0.49496259513497354 auc > 0.8207517722408633
2021-08-29 19:41:20,418: Epoch 1 - Save Best Score: 0.8208 Model
2021-08-29 19:41:20,780: Epoch 1 - Save Best loss: 0.4950 Model
2021-08-29 19:41:21,133: lr : 5.05e-06
2021-08-29 21:25:43,297: 1epoch : loss_train > 0.4667607862278819 loss_valid > 0.5020266023412346 auc > 0.8172094030143632
2021-08-29 21:25:43,297: lr : 1e-05
2021-08-29 23:09:38,302: 2epoch : loss_train > 0.4240306660488248 loss_valid > 0.5917148657649756 auc > 0.7942826887243007
2021-08-29 23:09:38,302: lr : 7.525e-06
2021-08-30 00:53:32,059: 3epoch : loss_train > 0.24535651872409509 loss_valid > 1.0467480960652231 auc > 0.7703519402898535
2021-08-30 00:53:32,060: lr : 2.575000000000001e-06
2021-08-30 02:37:20,733: 4epoch : loss_train > 0.10507113189075608 loss_valid > 1.4801265419363976 auc > 0.7772162786780581
2021-08-30 02:37:20,733: lr : 1e-07
2021-08-30 04:21:09,325: 5epoch : loss_train > 0.21166967801761347 loss_valid > 1.30134378561303 auc > 0.7807638747161095
2021-08-30 04:21:09,325: lr : 2.55e-06
2021-08-30 06:05:02,909: 6epoch : loss_train > 0.04019670956480986 loss_valid > 1.9752658220221755 auc > 0.7755011070147375
2021-08-30 06:05:04,309: lr : 1e-07
2021-08-30 07:49:00,731: 0epoch : loss_train > 0.5430828730911016 loss_valid > 0.5007720947653055 auc > 0.8191317496396119
2021-08-30 07:49:00,731: Epoch 1 - Save Best Score: 0.8191 Model
2021-08-30 07:49:01,111: Epoch 1 - Save Best loss: 0.5008 Model
2021-08-30 07:49:01,467: lr : 5.05e-06
2021-08-30 09:33:03,259: 1epoch : loss_train > 0.4728607773974538 loss_valid > 0.5131329415872693 auc > 0.8173703649376887
2021-08-30 09:33:03,260: lr : 1e-05
2021-08-30 11:17:02,813: 2epoch : loss_train > 0.43259421287178995 loss_valid > 0.5941530172795058 auc > 0.8017004902848521
2021-08-30 11:17:02,813: lr : 7.525e-06
